Eilmer 4.0 compressible-flow simulation code.
Revision-id: 34b3af3a
Revision-date: Thu Apr 13 12:25:08 2023 +1000
Compiler-name: ldc2
Build-date: Thursday 13 April 2023 11:12:20 AM IST
Build-flavour: debug
Profiling: omitted
Capabilities: multi-species-gas multi-temperature-gas MHD turbulence.
Parallelism: Shared-memory
Begin simulation with command-line arguments.
  jobName: capsule
  tindxStart: 0
  maxWallClock: 432000
  verbosityLevel: 1
  maxCPUs: 20 for shared memory-parallelism
Begin init_simulation()...
NOTE: shock detector is on.
Single process running with 1 threads.
Heap memory used for task 0: 176.39  free: 110.61  total: 287.0 MB
Done init_simulation() at wall-clock(WC)= 0.6 sec
starting simulation time= 0
Integrate in time.
Step=     20 t= 1.162e-06 dt= 5.810e-08 cfl=0.20 WC=1.6 WCtFT=1414.1 WCtMS=245.1
Step=     40 t= 2.333e-06 dt= 5.901e-08 cfl=0.20 WC=3.3 WCtFT=1389.7 WCtMS=243.3
Step=     60 t= 3.481e-06 dt= 5.803e-08 cfl=0.20 WC=4.9 WCtFT=1408.8 WCtMS=241.2
FVCell.decode_conserved(): Density invalid in conserved quantities.
  universe-blk-id= 0 cell-id= 9211
  x= -0.0826769 y= 0.0401366 z= 0
  gas= GasState(rho=3.77849e-19, p=2.16963e-14, T=200, u=143552, p_e=100000, a=283.529, T_modes=[], u_modes=[], mu=1.53161e-05, k=0.021122, k_modes=[], massf=[1], quality=1, sigma=0)
  ftl= 1 (flow-time-level)
  U[ftl]= [-3.32832e-19, -1.524e-15, -1.30803e-16, -3.54827e-12]
  U[0]= [3.77849e-19, 1.71979e-15, 3.00755e-16, 4.08778e-12]
  interfaces:3
    iface[0]= FVInterface(id=13954, idir=none, universe_blk_id=0, pos=Vector3(-0.0823176, 0.0437509, 0), vtx_ids=[4941,134,], left_cell_id=9211, right_cell_id=9212, gvel=Vector3(0, 0, 0), Ybar=0.0437509, length=0.0010797, area=[0.0010797], n=Vector3(0.214706, 0.976679, 0), t1=Vector3(0.976679, -0.214706, 0), t2=Vector3(0, 0, 1), fs=FlowState(gas=GasState(rho=1.1641e-18, p=1.31381e-13, T=315.254, u=226276, p_e=100000, a=349.755, T_modes=[], u_modes=[], mu=1.53161e-05, k=0.021122, k_modes=[], massf=[1], quality=1, sigma=0), vel=Vector3(4499.68, 790.886, 0), B=Vector3(0, 0, 0), psi=0, divB=0, turb=[], mu_t=0, k_t=0, S=0), tau_wall_x=nan, tau_wall_y=nan, tau_wall_z=nan, q=nan, F=[6.60043e-16, 3.00886e-12, 5.4129e-13, 7.17443e-09], grad=7F2407CD7DC0, cloud_pos=[], cloud_fs=[])
    iface[1]= FVInterface(id=27961, idir=none, universe_blk_id=0, pos=Vector3(-0.0831201, 0.0383874, 0), vtx_ids=[134,135,], left_cell_id=9211, right_cell_id=1000000055, gvel=Vector3(0, 0, 0), Ybar=0.0383874, length=0.0109728, area=[0.0109728], n=Vector3(-0.998741, 0.0501682, 0), t1=Vector3(0.0501682, 0.998741, -0), t2=Vector3(0, 0, 1), fs=FlowState(gas=GasState(rho=3.77849e-19, p=2.16963e-14, T=200, u=143552, p_e=100000, a=283.529, T_modes=[], u_modes=[], mu=1.53161e-05, k=0.021122, k_modes=[], massf=[1], quality=1, sigma=0), vel=Vector3(51.3374, 1022.02, 0), B=Vector3(0, 0, 0), psi=0, divB=0, turb=[], mu_t=0, k_t=0, S=0), tau_wall_x=nan, tau_wall_y=nan, tau_wall_z=nan, q=nan, F=[0, 0, 0, 0], grad=7F240519CDC0, cloud_pos=[], cloud_fs=[])
    iface[2]= FVInterface(id=13953, idir=none, universe_blk_id=0, pos=Vector3(-0.0825928, 0.0382714, 0), vtx_ids=[4941,135,], left_cell_id=9210, right_cell_id=9211, gvel=Vector3(0, 0, 0), Ybar=0.0382714, length=0.0108465, area=[0.0108465], n=Vector3(-0.988991, 0.147974, 0), t1=Vector3(0.147974, 0.988991, -0), t2=Vector3(0, 0, 1), fs=FlowState(gas=GasState(rho=1.88627e-14, p=2.97476e-09, T=374.652, u=268909, p_e=100000, a=376.706, T_modes=[], u_modes=[], mu=1.53161e-05, k=0.021122, k_modes=[], massf=[1], quality=1, sigma=0), vel=Vector3(3145.78, 621.878, 0), B=Vector3(0, 0, 0), psi=0, divB=0, turb=[], mu_t=0, k_t=0, S=0), tau_wall_x=nan, tau_wall_y=nan, tau_wall_z=nan, q=nan, F=[-6.30473e-15, -2.87773e-11, -3.81454e-12, -6.77342e-08], grad=7F2407CD7D10, cloud_pos=[], cloud_fs=[])
Exception thrown in phase 13 of stage 1 of explicit update: Bad cell with negative mass.
FVCell.decode_conserved(): Density invalid in conserved quantities.
  universe-blk-id= 0 cell-id= 9211
  x= -0.0826769 y= 0.0401366 z= 0
  gas= GasState(rho=2.1703e-20, p=1.2462e-15, T=200, u=143552, p_e=100000, a=283.529, T_modes=[], u_modes=[], mu=1.53161e-05, k=0.021122, k_modes=[], massf=[1], quality=1, sigma=0)
  ftl= 1 (flow-time-level)
  U[ftl]= [-1.00624e-19, -4.83693e-16, 3.00111e-16, -1.62451e-12]
  U[0]= [2.1703e-20, 1.04035e-16, -6.46871e-17, 3.48869e-13]
  interfaces:3
    iface[0]= FVInterface(id=13954, idir=none, universe_blk_id=0, pos=Vector3(-0.0823176, 0.0437509, 0), vtx_ids=[4941,134,], left_cell_id=9211, right_cell_id=9212, gvel=Vector3(0, 0, 0), Ybar=0.0437509, length=0.0010797, area=[0.0010797], n=Vector3(0.214706, 0.976679, 0), t1=Vector3(0.976679, -0.214706, 0), t2=Vector3(0, 0, 1), fs=FlowState(gas=GasState(rho=7.32122e-19, p=9.08438e-14, T=317.841, u=228133, p_e=100000, a=351.001, T_modes=[], u_modes=[], mu=1.53161e-05, k=0.021122, k_modes=[], massf=[1], quality=1, sigma=0), vel=Vector3(4618.07, -1139.48, 0), B=Vector3(0, 0, 0), psi=0, divB=0, turb=[], mu_t=0, k_t=0, S=0), tau_wall_x=nan, tau_wall_y=nan, tau_wall_z=nan, q=nan, F=[0, 0, 0, 0], grad=7F2407CD7DC0, cloud_pos=[], cloud_fs=[])
    iface[1]= FVInterface(id=27961, idir=none, universe_blk_id=0, pos=Vector3(-0.0831201, 0.0383874, 0), vtx_ids=[134,135,], left_cell_id=9211, right_cell_id=1000000055, gvel=Vector3(0, 0, 0), Ybar=0.0383874, length=0.0109728, area=[0.0109728], n=Vector3(-0.998741, 0.0501682, 0), t1=Vector3(0.0501682, 0.998741, -0), t2=Vector3(0, 0, 1), fs=FlowState(gas=GasState(rho=2.1703e-20, p=1.2462e-15, T=200, u=143552, p_e=100000, a=283.529, T_modes=[], u_modes=[], mu=1.53161e-05, k=0.021122, k_modes=[], massf=[1], quality=1, sigma=0), vel=Vector3(-137.276, -2732.87, 0), B=Vector3(0, 0, 0), psi=0, divB=0, turb=[], mu_t=0, k_t=0, S=1), tau_wall_x=nan, tau_wall_y=nan, tau_wall_z=nan, q=nan, F=[0, 0, 0, 0], grad=7F240519CDC0, cloud_pos=[], cloud_fs=[])
    iface[2]= FVInterface(id=13953, idir=none, universe_blk_id=0, pos=Vector3(-0.0825928, 0.0382714, 0), vtx_ids=[4941,135,], left_cell_id=9210, right_cell_id=9211, gvel=Vector3(0, 0, 0), Ybar=0.0382714, length=0.0108465, area=[0.0108465], n=Vector3(-0.988991, 0.147974, 0), t1=Vector3(0.147974, 0.988991, -0), t2=Vector3(0, 0, 1), fs=FlowState(gas=GasState(rho=1.85949e-14, p=2.89568e-09, T=371.199, u=266431, p_e=100000, a=375.224, T_modes=[], u_modes=[], mu=1.53161e-05, k=0.021122, k_modes=[], massf=[1], quality=1, sigma=0), vel=Vector3(3260.93, -1266.86, 0), B=Vector3(0, 0, 0), psi=0, divB=0, turb=[], mu_t=0, k_t=0, S=0), tau_wall_x=nan, tau_wall_y=nan, tau_wall_z=nan, q=nan, F=[-5.48262e-15, -2.63415e-11, 1.635e-11, -8.84453e-08], grad=7F2407CD7D10, cloud_pos=[], cloud_fs=[])
Exception thrown in phase 13 of stage 1 of explicit update: Bad cell with negative mass.
FVCell.decode_conserved(): Density invalid in conserved quantities.
  universe-blk-id= 0 cell-id= 9211
  x= -0.0826769 y= 0.0401366 z= 0
  gas= GasState(rho=2.1703e-20, p=1.2462e-15, T=200, u=143552, p_e=100000, a=283.529, T_modes=[], u_modes=[], mu=1.53161e-05, k=0.021122, k_modes=[], massf=[1], quality=1, sigma=0)
  ftl= 1 (flow-time-level)
  U[ftl]= [-2.64708e-21, -1.29559e-17, 7.92849e-18, -4.39457e-14]
  U[0]= [2.1703e-20, 1.04035e-16, -6.46871e-17, 3.48869e-13]
  interfaces:3
    iface[0]= FVInterface(id=13954, idir=none, universe_blk_id=0, pos=Vector3(-0.0823176, 0.0437509, 0), vtx_ids=[4941,134,], left_cell_id=9211, right_cell_id=9212, gvel=Vector3(0, 0, 0), Ybar=0.0437509, length=0.0010797, area=[0.0010797], n=Vector3(0.214706, 0.976679, 0), t1=Vector3(0.976679, -0.214706, 0), t2=Vector3(0, 0, 1), fs=FlowState(gas=GasState(rho=7.32122e-19, p=9.08438e-14, T=317.841, u=228133, p_e=100000, a=351.001, T_modes=[], u_modes=[], mu=1.53161e-05, k=0.021122, k_modes=[], massf=[1], quality=1, sigma=0), vel=Vector3(4618.07, -1139.48, 0), B=Vector3(0, 0, 0), psi=0, divB=0, turb=[], mu_t=0, k_t=0, S=0), tau_wall_x=nan, tau_wall_y=nan, tau_wall_z=nan, q=nan, F=[0, 0, 0, 0], grad=7F2407CD7DC0, cloud_pos=[], cloud_fs=[])
    iface[1]= FVInterface(id=27961, idir=none, universe_blk_id=0, pos=Vector3(-0.0831201, 0.0383874, 0), vtx_ids=[134,135,], left_cell_id=9211, right_cell_id=1000000055, gvel=Vector3(0, 0, 0), Ybar=0.0383874, length=0.0109728, area=[0.0109728], n=Vector3(-0.998741, 0.0501682, 0), t1=Vector3(0.0501682, 0.998741, -0), t2=Vector3(0, 0, 1), fs=FlowState(gas=GasState(rho=2.1703e-20, p=1.2462e-15, T=200, u=143552, p_e=100000, a=283.529, T_modes=[], u_modes=[], mu=1.53161e-05, k=0.021122, k_modes=[], massf=[1], quality=1, sigma=0), vel=Vector3(-137.276, -2732.87, 0), B=Vector3(0, 0, 0), psi=0, divB=0, turb=[], mu_t=0, k_t=0, S=0), tau_wall_x=nan, tau_wall_y=nan, tau_wall_z=nan, q=nan, F=[0, 0, 0, 0], grad=7F240519CDC0, cloud_pos=[], cloud_fs=[])
    iface[2]= FVInterface(id=13953, idir=none, universe_blk_id=0, pos=Vector3(-0.0825928, 0.0382714, 0), vtx_ids=[4941,135,], left_cell_id=9210, right_cell_id=9211, gvel=Vector3(0, 0, 0), Ybar=0.0382714, length=0.0108465, area=[0.0108465], n=Vector3(-0.988991, 0.147974, 0), t1=Vector3(0.147974, 0.988991, -0), t2=Vector3(0, 0, 1), fs=FlowState(gas=GasState(rho=1.85054e-14, p=2.86964e-09, T=370.061, u=265614, p_e=100000, a=374.734, T_modes=[], u_modes=[], mu=1.53161e-05, k=0.021122, k_modes=[], massf=[1], quality=1, sigma=0), vel=Vector3(3258.94, -1267.13, 0), B=Vector3(0, 0, 0), psi=0, divB=0, turb=[], mu_t=0, k_t=0, S=0), tau_wall_x=nan, tau_wall_y=nan, tau_wall_z=nan, q=nan, F=[-5.45676e-15, -2.62173e-11, 1.62729e-11, -8.80282e-08], grad=7F2407CD7D10, cloud_pos=[], cloud_fs=[])
Exception thrown in phase 13 of stage 1 of explicit update: Bad cell with negative mass.
Step=     80 t= 4.485e-06 dt= 4.807e-10 cfl=0.20 WC=6.7 WCtFT=173006.1 WCtMS=243.9
FVCell.decode_conserved(): Density invalid in conserved quantities.
  universe-blk-id= 0 cell-id= 9211
  x= -0.0826769 y= 0.0401366 z= 0
  gas= GasState(rho=2.36672e-21, p=1.36312e-16, T=200.608, u=143988, p_e=100000, a=283.96, T_modes=[], u_modes=[], mu=1.53161e-05, k=0.021122, k_modes=[], massf=[1], quality=1, sigma=0)
  ftl= 1 (flow-time-level)
  U[ftl]= [-4.84795e-21, -2.33691e-17, 1.44684e-17, -7.86118e-14]
  U[0]= [2.36672e-21, 1.13699e-17, -7.05776e-18, 3.81752e-14]
  interfaces:3
    iface[0]= FVInterface(id=13954, idir=none, universe_blk_id=0, pos=Vector3(-0.0823176, 0.0437509, 0), vtx_ids=[4941,134,], left_cell_id=9211, right_cell_id=9212, gvel=Vector3(0, 0, 0), Ybar=0.0437509, length=0.0010797, area=[0.0010797], n=Vector3(0.214706, 0.976679, 0), t1=Vector3(0.976679, -0.214706, 0), t2=Vector3(0, 0, 1), fs=FlowState(gas=GasState(rho=7.09765e-19, p=8.87453e-14, T=318.253, u=228428, p_e=100000, a=351.268, T_modes=[], u_modes=[], mu=1.53161e-05, k=0.021122, k_modes=[], massf=[1], quality=1, sigma=0), vel=Vector3(4623.2, -1143.13, 0), B=Vector3(0, 0, 0), psi=0, divB=0, turb=[], mu_t=0, k_t=0, S=0), tau_wall_x=nan, tau_wall_y=nan, tau_wall_z=nan, q=nan, F=[0, 0, 0, 0], grad=7F2407CD7DC0, cloud_pos=[], cloud_fs=[])
    iface[1]= FVInterface(id=27961, idir=none, universe_blk_id=0, pos=Vector3(-0.0831201, 0.0383874, 0), vtx_ids=[134,135,], left_cell_id=9211, right_cell_id=1000000055, gvel=Vector3(0, 0, 0), Ybar=0.0383874, length=0.0109728, area=[0.0109728], n=Vector3(-0.998741, 0.0501682, 0), t1=Vector3(0.0501682, 0.998741, -0), t2=Vector3(0, 0, 1), fs=FlowState(gas=GasState(rho=2.36672e-21, p=1.36312e-16, T=200.608, u=143988, p_e=100000, a=283.96, T_modes=[], u_modes=[], mu=1.53161e-05, k=0.021122, k_modes=[], massf=[1], quality=1, sigma=0), vel=Vector3(-137.326, -2733.86, 0), B=Vector3(0, 0, 0), psi=0, divB=0, turb=[], mu_t=0, k_t=0, S=0), tau_wall_x=nan, tau_wall_y=nan, tau_wall_z=nan, q=nan, F=[0, 0, 0, 0], grad=7F240519CDC0, cloud_pos=[], cloud_fs=[])
    iface[2]= FVInterface(id=13953, idir=none, universe_blk_id=0, pos=Vector3(-0.0825928, 0.0382714, 0), vtx_ids=[4941,135,], left_cell_id=9210, right_cell_id=9211, gvel=Vector3(0, 0, 0), Ybar=0.0382714, length=0.0108465, area=[0.0108465], n=Vector3(-0.988991, 0.147974, 0), t1=Vector3(0.147974, 0.988991, -0), t2=Vector3(0, 0, 1), fs=FlowState(gas=GasState(rho=1.85806e-14, p=2.89152e-09, T=371.323, u=266520, p_e=100000, a=375.362, T_modes=[], u_modes=[], mu=1.53161e-05, k=0.021122, k_modes=[], massf=[1], quality=1, sigma=0), vel=Vector3(3265.86, -1267.66, 0), B=Vector3(0, 0, 0), psi=0, divB=0, turb=[], mu_t=0, k_t=0, S=0), tau_wall_x=nan, tau_wall_y=nan, tau_wall_z=nan, q=nan, F=[-5.38927e-15, -2.59496e-11, 1.60798e-11, -8.72384e-08], grad=7F2407CD7D10, cloud_pos=[], cloud_fs=[])
Exception thrown in phase 13 of stage 1 of explicit update: Bad cell with negative mass.
FVCell.decode_conserved(): Density invalid in conserved quantities.
  universe-blk-id= 0 cell-id= 9211
  x= -0.0826769 y= 0.0401366 z= 0
  gas= GasState(rho=9.27444e-22, p=5.34684e-17, T=200.804, u=144128, p_e=100000, a=284.098, T_modes=[], u_modes=[], mu=1.53161e-05, k=0.021122, k_modes=[], massf=[1], quality=1, sigma=0)
  ftl= 1 (flow-time-level)
  U[ftl]= [-5.12344e-22, -2.47522e-18, 1.52986e-18, -8.3368e-15]
  U[0]= [9.27444e-22, 4.452e-18, -2.7652e-18, 1.49414e-14]
  interfaces:3
    iface[0]= FVInterface(id=13954, idir=none, universe_blk_id=0, pos=Vector3(-0.0823176, 0.0437509, 0), vtx_ids=[4941,134,], left_cell_id=9211, right_cell_id=9212, gvel=Vector3(0, 0, 0), Ybar=0.0437509, length=0.0010797, area=[0.0010797], n=Vector3(0.214706, 0.976679, 0), t1=Vector3(0.976679, -0.214706, 0), t2=Vector3(0, 0, 1), fs=FlowState(gas=GasState(rho=7.08104e-19, p=8.85889e-14, T=318.357, u=228503, p_e=100000, a=351.341, T_modes=[], u_modes=[], mu=1.53161e-05, k=0.021122, k_modes=[], massf=[1], quality=1, sigma=0), vel=Vector3(4621.29, -1143.07, 0), B=Vector3(0, 0, 0), psi=0, divB=0, turb=[], mu_t=0, k_t=0, S=0), tau_wall_x=nan, tau_wall_y=nan, tau_wall_z=nan, q=nan, F=[0, 0, 0, 0], grad=7F2407CD7DC0, cloud_pos=[], cloud_fs=[])
    iface[1]= FVInterface(id=27961, idir=none, universe_blk_id=0, pos=Vector3(-0.0831201, 0.0383874, 0), vtx_ids=[134,135,], left_cell_id=9211, right_cell_id=1000000055, gvel=Vector3(0, 0, 0), Ybar=0.0383874, length=0.0109728, area=[0.0109728], n=Vector3(-0.998741, 0.0501682, 0), t1=Vector3(0.0501682, 0.998741, -0), t2=Vector3(0, 0, 1), fs=FlowState(gas=GasState(rho=9.27444e-22, p=5.34684e-17, T=200.804, u=144128, p_e=100000, a=284.098, T_modes=[], u_modes=[], mu=1.53161e-05, k=0.021122, k_modes=[], massf=[1], quality=1, sigma=0), vel=Vector3(-137.308, -2733.51, 0), B=Vector3(0, 0, 0), psi=0, divB=0, turb=[], mu_t=0, k_t=0, S=0), tau_wall_x=nan, tau_wall_y=nan, tau_wall_z=nan, q=nan, F=[0, 0, 0, 0], grad=7F240519CDC0, cloud_pos=[], cloud_fs=[])
    iface[2]= FVInterface(id=13953, idir=none, universe_blk_id=0, pos=Vector3(-0.0825928, 0.0382714, 0), vtx_ids=[4941,135,], left_cell_id=9210, right_cell_id=9211, gvel=Vector3(0, 0, 0), Ybar=0.0382714, length=0.0108465, area=[0.0108465], n=Vector3(-0.988991, 0.147974, 0), t1=Vector3(0.147974, 0.988991, -0), t2=Vector3(0, 0, 1), fs=FlowState(gas=GasState(rho=1.85795e-14, p=2.89121e-09, T=371.407, u=266580, p_e=100000, a=375.426, T_modes=[], u_modes=[], mu=1.53161e-05, k=0.021122, k_modes=[], massf=[1], quality=1, sigma=0), vel=Vector3(3263.94, -1267.39, 0), B=Vector3(0, 0, 0), psi=0, divB=0, turb=[], mu_t=0, k_t=0, S=0), tau_wall_x=nan, tau_wall_y=nan, tau_wall_z=nan, q=nan, F=[-5.37752e-15, -2.58727e-11, 1.60418e-11, -8.69426e-08], grad=7F2407CD7D10, cloud_pos=[], cloud_fs=[])
Exception thrown in phase 13 of stage 1 of explicit update: Bad cell with negative mass.
FVCell.decode_conserved(): Density invalid in conserved quantities.
  universe-blk-id= 0 cell-id= 18533
  x= -0.0826769 y= -0.0401366 z= 0
  gas= GasState(rho=1.9258e-22, p=8.80841e-18, T=159.312, u=114348, p_e=100000, a=253.051, T_modes=[], u_modes=[], mu=1.53161e-05, k=0.021122, k_modes=[], massf=[1], quality=1, sigma=0)
  ftl= 1 (flow-time-level)
  U[ftl]= [-1.17764e-22, -6.06641e-19, -4.14812e-19, -2.30651e-15]
  U[0]= [1.9258e-22, 9.87935e-19, 6.77756e-19, 3.74871e-15]
  interfaces:3
    iface[0]= FVInterface(id=27996, idir=none, universe_blk_id=0, pos=Vector3(-0.0831201, -0.0383874, 0), vtx_ids=[141,142,], left_cell_id=18533, right_cell_id=1000000062, gvel=Vector3(0, 0, 0), Ybar=-0.0383874, length=0.0109728, area=[0.0109728], n=Vector3(-0.998741, -0.0501682, 0), t1=Vector3(-0.0501682, 0.998741, 0), t2=Vector3(0, 0, 1), fs=FlowState(gas=GasState(rho=1.9258e-22, p=8.80841e-18, T=159.312, u=114348, p_e=100000, a=253.051, T_modes=[], u_modes=[], mu=1.53161e-05, k=0.021122, k_modes=[], massf=[1], quality=1, sigma=0), vel=Vector3(-163.426, 3253.46, 0), B=Vector3(0, 0, 0), psi=0, divB=0, turb=[], mu_t=0, k_t=0, S=0), tau_wall_x=nan, tau_wall_y=nan, tau_wall_z=nan, q=nan, F=[0, 0, 0, 0], grad=7F24051A9630, cloud_pos=[], cloud_fs=[])
    iface[1]= FVInterface(id=9135, idir=none, universe_blk_id=0, pos=Vector3(-0.0823176, -0.0437509, 0), vtx_ids=[142,9465,], left_cell_id=18533, right_cell_id=18534, gvel=Vector3(0, 0, 0), Ybar=-0.0437509, length=0.0010797, area=[0.0010797], n=Vector3(0.214706, -0.976679, 0), t1=Vector3(-0.976679, -0.214706, 0), t2=Vector3(0, 0, 1), fs=FlowState(gas=GasState(rho=6.94683e-19, p=8.69947e-14, T=297.766, u=213724, p_e=100000, a=335.891, T_modes=[], u_modes=[], mu=1.53161e-05, k=0.021122, k_modes=[], massf=[1], quality=1, sigma=0), vel=Vector3(4785.91, 1414.33, 0), B=Vector3(0, 0, 0), psi=0, divB=0, turb=[], mu_t=0, k_t=0, S=0), tau_wall_x=nan, tau_wall_y=nan, tau_wall_z=nan, q=nan, F=[0, 0, 0, 0], grad=7F24065DE630, cloud_pos=[], cloud_fs=[])
    iface[2]= FVInterface(id=9313, idir=none, universe_blk_id=0, pos=Vector3(-0.0825928, -0.0382714, 0), vtx_ids=[141,9465,], left_cell_id=18532, right_cell_id=18533, gvel=Vector3(0, 0, 0), Ybar=-0.0382714, length=0.0108465, area=[0.0108465], n=Vector3(-0.988991, -0.147974, 0), t1=Vector3(-0.147974, 0.988991, 0), t2=Vector3(0, 0, 1), fs=FlowState(gas=GasState(rho=1.85851e-14, p=2.89123e-09, T=350.582, u=251633, p_e=100000, a=359.868, T_modes=[], u_modes=[], mu=1.53161e-05, k=0.021122, k_modes=[], massf=[1], quality=1, sigma=0), vel=Vector3(3428.73, 1536.32, 0), B=Vector3(0, 0, 0), psi=0, divB=0, turb=[], mu_t=0, k_t=0, S=0), tau_wall_x=nan, tau_wall_y=nan, tau_wall_z=nan, q=nan, F=[-5.79557e-15, -2.97782e-11, -2.04034e-11, -1.13079e-07], grad=7F2406614210, cloud_pos=[], cloud_fs=[])
Exception thrown in phase 13 of stage 1 of explicit update: Bad cell with negative mass.
FVCell.decode_conserved(): Density invalid in conserved quantities.
  universe-blk-id= 0 cell-id= 18533
  x= -0.0826769 y= -0.0401366 z= 0
  gas= GasState(rho=6.99276e-24, p=2.28807e-19, T=113.968, u=81801.3, p_e=100000, a=214.03, T_modes=[], u_modes=[], mu=1.53161e-05, k=0.021122, k_modes=[], massf=[1], quality=1, sigma=0)
  ftl= 1 (flow-time-level)
  U[ftl]= [-5.79387e-23, -3.12447e-19, -2.06079e-19, -1.2137e-15]
  U[0]= [6.99276e-24, 3.76666e-20, 2.48662e-20, 1.4623e-16]
  interfaces:3
    iface[0]= FVInterface(id=27996, idir=none, universe_blk_id=0, pos=Vector3(-0.0831201, -0.0383874, 0), vtx_ids=[141,142,], left_cell_id=18533, right_cell_id=1000000062, gvel=Vector3(0, 0, 0), Ybar=-0.0383874, length=0.0109728, area=[0.0109728], n=Vector3(-0.998741, -0.0501682, 0), t1=Vector3(-0.0501682, 0.998741, 0), t2=Vector3(0, 0, 1), fs=FlowState(gas=GasState(rho=6.99276e-24, p=2.28807e-19, T=113.968, u=81801.3, p_e=100000, a=214.03, T_modes=[], u_modes=[], mu=1.53161e-05, k=0.021122, k_modes=[], massf=[1], quality=1, sigma=0), vel=Vector3(-164.616, 3277.15, 0), B=Vector3(0, 0, 0), psi=0, divB=0, turb=[], mu_t=0, k_t=0, S=0), tau_wall_x=nan, tau_wall_y=nan, tau_wall_z=nan, q=nan, F=[0, 0, 0, 0], grad=7F24051A9630, cloud_pos=[], cloud_fs=[])
    iface[1]= FVInterface(id=9135, idir=none, universe_blk_id=0, pos=Vector3(-0.0823176, -0.0437509, 0), vtx_ids=[142,9465,], left_cell_id=18533, right_cell_id=18534, gvel=Vector3(0, 0, 0), Ybar=-0.0437509, length=0.0010797, area=[0.0010797], n=Vector3(0.214706, -0.976679, 0), t1=Vector3(-0.976679, -0.214706, 0), t2=Vector3(0, 0, 1), fs=FlowState(gas=GasState(rho=6.94483e-19, p=8.69772e-14, T=275.095, u=197452, p_e=100000, a=316.381, T_modes=[], u_modes=[], mu=1.53161e-05, k=0.021122, k_modes=[], massf=[1], quality=1, sigma=0), vel=Vector3(4914.16, 1432.67, 0), B=Vector3(0, 0, 0), psi=0, divB=0, turb=[], mu_t=0, k_t=0, S=0), tau_wall_x=nan, tau_wall_y=nan, tau_wall_z=nan, q=nan, F=[0, 0, 0, 0], grad=7F24065DE630, cloud_pos=[], cloud_fs=[])
    iface[2]= FVInterface(id=9313, idir=none, universe_blk_id=0, pos=Vector3(-0.0825928, -0.0382714, 0), vtx_ids=[141,9465,], left_cell_id=18532, right_cell_id=18533, gvel=Vector3(0, 0, 0), Ybar=-0.0382714, length=0.0108465, area=[0.0108465], n=Vector3(-0.988991, -0.147974, 0), t1=Vector3(-0.147974, 0.988991, 0), t2=Vector3(0, 0, 1), fs=FlowState(gas=GasState(rho=1.85849e-14, p=2.8912e-09, T=327.909, u=235359, p_e=100000, a=340.357, T_modes=[], u_modes=[], mu=1.53161e-05, k=0.021122, k_modes=[], massf=[1], quality=1, sigma=0), vel=Vector3(3556.98, 1554.64, 0), B=Vector3(0, 0, 0), psi=0, divB=0, turb=[], mu_t=0, k_t=0, S=0), tau_wall_x=nan, tau_wall_y=nan, tau_wall_z=nan, q=nan, F=[-6.06287e-15, -3.26913e-11, -2.15642e-11, -1.26982e-07], grad=7F2406614210, cloud_pos=[], cloud_fs=[])
Exception thrown in phase 13 of stage 1 of explicit update: Bad cell with negative mass.
FVCell.decode_conserved(): Density invalid in conserved quantities.
  universe-blk-id= 0 cell-id= 18533
  x= -0.0826769 y= -0.0401366 z= 0
  gas= GasState(rho=6.99276e-24, p=2.28807e-19, T=113.968, u=81801.3, p_e=100000, a=214.03, T_modes=[], u_modes=[], mu=1.53161e-05, k=0.021122, k_modes=[], massf=[1], quality=1, sigma=0)
  ftl= 1 (flow-time-level)
  U[ftl]= [-5.9935e-24, -3.23559e-20, -2.13228e-20, -1.25756e-16]
  U[0]= [6.99276e-24, 3.76666e-20, 2.48662e-20, 1.4623e-16]
  interfaces:3
    iface[0]= FVInterface(id=27996, idir=none, universe_blk_id=0, pos=Vector3(-0.0831201, -0.0383874, 0), vtx_ids=[141,142,], left_cell_id=18533, right_cell_id=1000000062, gvel=Vector3(0, 0, 0), Ybar=-0.0383874, length=0.0109728, area=[0.0109728], n=Vector3(-0.998741, -0.0501682, 0), t1=Vector3(-0.0501682, 0.998741, 0), t2=Vector3(0, 0, 1), fs=FlowState(gas=GasState(rho=6.99276e-24, p=2.28807e-19, T=113.968, u=81801.3, p_e=100000, a=214.03, T_modes=[], u_modes=[], mu=1.53161e-05, k=0.021122, k_modes=[], massf=[1], quality=1, sigma=0), vel=Vector3(-164.616, 3277.15, 0), B=Vector3(0, 0, 0), psi=0, divB=0, turb=[], mu_t=0, k_t=0, S=0), tau_wall_x=nan, tau_wall_y=nan, tau_wall_z=nan, q=nan, F=[0, 0, 0, 0], grad=7F24051A9630, cloud_pos=[], cloud_fs=[])
    iface[1]= FVInterface(id=9135, idir=none, universe_blk_id=0, pos=Vector3(-0.0823176, -0.0437509, 0), vtx_ids=[142,9465,], left_cell_id=18533, right_cell_id=18534, gvel=Vector3(0, 0, 0), Ybar=-0.0437509, length=0.0010797, area=[0.0010797], n=Vector3(0.214706, -0.976679, 0), t1=Vector3(-0.976679, -0.214706, 0), t2=Vector3(0, 0, 1), fs=FlowState(gas=GasState(rho=6.94483e-19, p=8.69772e-14, T=275.095, u=197452, p_e=100000, a=316.381, T_modes=[], u_modes=[], mu=1.53161e-05, k=0.021122, k_modes=[], massf=[1], quality=1, sigma=0), vel=Vector3(4914.16, 1432.67, 0), B=Vector3(0, 0, 0), psi=0, divB=0, turb=[], mu_t=0, k_t=0, S=0), tau_wall_x=nan, tau_wall_y=nan, tau_wall_z=nan, q=nan, F=[0, 0, 0, 0], grad=7F24065DE630, cloud_pos=[], cloud_fs=[])
    iface[2]= FVInterface(id=9313, idir=none, universe_blk_id=0, pos=Vector3(-0.0825928, -0.0382714, 0), vtx_ids=[141,9465,], left_cell_id=18532, right_cell_id=18533, gvel=Vector3(0, 0, 0), Ybar=-0.0382714, length=0.0108465, area=[0.0108465], n=Vector3(-0.988991, -0.147974, 0), t1=Vector3(-0.147974, 0.988991, 0), t2=Vector3(0, 0, 1), fs=FlowState(gas=GasState(rho=1.85849e-14, p=2.89118e-09, T=327.908, u=235359, p_e=100000, a=340.356, T_modes=[], u_modes=[], mu=1.53161e-05, k=0.021122, k_modes=[], massf=[1], quality=1, sigma=0), vel=Vector3(3556.98, 1554.64, 0), B=Vector3(0, 0, 0), psi=0, divB=0, turb=[], mu_t=0, k_t=0, S=0), tau_wall_x=nan, tau_wall_y=nan, tau_wall_z=nan, q=nan, F=[-6.06285e-15, -3.26912e-11, -2.15641e-11, -1.26981e-07], grad=7F2406614210, cloud_pos=[], cloud_fs=[])
Exception thrown in phase 13 of stage 1 of explicit update: Bad cell with negative mass.
FVCell.decode_conserved(): Density invalid in conserved quantities.
  universe-blk-id= 0 cell-id= 18533
  x= -0.0826769 y= -0.0401366 z= 0
  gas= GasState(rho=1.80181e-24, p=5.89776e-20, T=114.01, u=81831.3, p_e=100000, a=214.069, T_modes=[], u_modes=[], mu=1.53161e-05, k=0.021122, k_modes=[], massf=[1], quality=1, sigma=0)
  ftl= 1 (flow-time-level)
  U[ftl]= [-7.93409e-25, -4.28448e-21, -2.82285e-21, -1.66548e-17]
  U[0]= [1.80181e-24, 9.69729e-21, 6.40606e-21, 3.76307e-17]
  interfaces:3
    iface[0]= FVInterface(id=27996, idir=none, universe_blk_id=0, pos=Vector3(-0.0831201, -0.0383874, 0), vtx_ids=[141,142,], left_cell_id=18533, right_cell_id=1000000062, gvel=Vector3(0, 0, 0), Ybar=-0.0383874, length=0.0109728, area=[0.0109728], n=Vector3(-0.998741, -0.0501682, 0), t1=Vector3(-0.0501682, 0.998741, 0), t2=Vector3(0, 0, 1), fs=FlowState(gas=GasState(rho=1.80181e-24, p=5.89776e-20, T=114.01, u=81831.3, p_e=100000, a=214.069, T_modes=[], u_modes=[], mu=1.53161e-05, k=0.021122, k_modes=[], massf=[1], quality=1, sigma=0), vel=Vector3(-164.596, 3276.74, 0), B=Vector3(0, 0, 0), psi=0, divB=0, turb=[], mu_t=0, k_t=0, S=0), tau_wall_x=nan, tau_wall_y=nan, tau_wall_z=nan, q=nan, F=[0, 0, 0, 0], grad=7F24051A9630, cloud_pos=[], cloud_fs=[])
    iface[1]= FVInterface(id=9135, idir=none, universe_blk_id=0, pos=Vector3(-0.0823176, -0.0437509, 0), vtx_ids=[142,9465,], left_cell_id=18533, right_cell_id=18534, gvel=Vector3(0, 0, 0), Ybar=-0.0437509, length=0.0010797, area=[0.0010797], n=Vector3(0.214706, -0.976679, 0), t1=Vector3(-0.976679, -0.214706, 0), t2=Vector3(0, 0, 1), fs=FlowState(gas=GasState(rho=6.94477e-19, p=8.69768e-14, T=275.116, u=197467, p_e=100000, a=316.401, T_modes=[], u_modes=[], mu=1.53161e-05, k=0.021122, k_modes=[], massf=[1], quality=1, sigma=0), vel=Vector3(4911.9, 1432.36, 0), B=Vector3(0, 0, 0), psi=0, divB=0, turb=[], mu_t=0, k_t=0, S=0), tau_wall_x=nan, tau_wall_y=nan, tau_wall_z=nan, q=nan, F=[0, 0, 0, 0], grad=7F24065DE630, cloud_pos=[], cloud_fs=[])
    iface[2]= FVInterface(id=9313, idir=none, universe_blk_id=0, pos=Vector3(-0.0825928, -0.0382714, 0), vtx_ids=[141,9465,], left_cell_id=18532, right_cell_id=18533, gvel=Vector3(0, 0, 0), Ybar=-0.0382714, length=0.0108465, area=[0.0108465], n=Vector3(-0.988991, -0.147974, 0), t1=Vector3(-0.147974, 0.988991, 0), t2=Vector3(0, 0, 1), fs=FlowState(gas=GasState(rho=1.85849e-14, p=2.89119e-09, T=327.929, u=235374, p_e=100000, a=340.376, T_modes=[], u_modes=[], mu=1.53161e-05, k=0.021122, k_modes=[], massf=[1], quality=1, sigma=0), vel=Vector3(3554.71, 1554.32, 0), B=Vector3(0, 0, 0), psi=0, divB=0, turb=[], mu_t=0, k_t=0, S=0), tau_wall_x=nan, tau_wall_y=nan, tau_wall_z=nan, q=nan, F=[-6.0581e-15, -3.26381e-11, -2.15434e-11, -1.26721e-07], grad=7F2406614210, cloud_pos=[], cloud_fs=[])
Exception thrown in phase 13 of stage 1 of explicit update: Bad cell with negative mass.
FVCell.decode_conserved(): Density invalid in conserved quantities.
  universe-blk-id= 0 cell-id= 18533
  x= -0.0826769 y= -0.0401366 z= 0
  gas= GasState(rho=7.64149e-25, p=2.50133e-20, T=114.013, u=81833.8, p_e=100000, a=214.072, T_modes=[], u_modes=[], mu=1.53161e-05, k=0.021122, k_modes=[], massf=[1], quality=1, sigma=0)
  ftl= 1 (flow-time-level)
  U[ftl]= [-1.38407e-26, -7.87406e-23, -4.98002e-23, -3.14025e-19]
  U[0]= [7.64149e-25, 4.10938e-21, 2.71637e-21, 1.59401e-17]
  interfaces:3
    iface[0]= FVInterface(id=27996, idir=none, universe_blk_id=0, pos=Vector3(-0.0831201, -0.0383874, 0), vtx_ids=[141,142,], left_cell_id=18533, right_cell_id=1000000062, gvel=Vector3(0, 0, 0), Ybar=-0.0383874, length=0.0109728, area=[0.0109728], n=Vector3(-0.998741, -0.0501682, 0), t1=Vector3(-0.0501682, 0.998741, 0), t2=Vector3(0, 0, 1), fs=FlowState(gas=GasState(rho=7.64149e-25, p=2.50133e-20, T=114.013, u=81833.8, p_e=100000, a=214.072, T_modes=[], u_modes=[], mu=1.53161e-05, k=0.021122, k_modes=[], massf=[1], quality=1, sigma=0), vel=Vector3(-164.577, 3276.37, 0), B=Vector3(0, 0, 0), psi=0, divB=0, turb=[], mu_t=0, k_t=0, S=0), tau_wall_x=nan, tau_wall_y=nan, tau_wall_z=nan, q=nan, F=[0, 0, 0, 0], grad=7F24051A9630, cloud_pos=[], cloud_fs=[])
    iface[1]= FVInterface(id=9135, idir=none, universe_blk_id=0, pos=Vector3(-0.0823176, -0.0437509, 0), vtx_ids=[142,9465,], left_cell_id=18533, right_cell_id=18534, gvel=Vector3(0, 0, 0), Ybar=-0.0437509, length=0.0010797, area=[0.0010797], n=Vector3(0.214706, -0.976679, 0), t1=Vector3(-0.976679, -0.214706, 0), t2=Vector3(0, 0, 1), fs=FlowState(gas=GasState(rho=6.94476e-19, p=8.69767e-14, T=275.118, u=197468, p_e=100000, a=316.402, T_modes=[], u_modes=[], mu=1.53161e-05, k=0.021122, k_modes=[], massf=[1], quality=1, sigma=0), vel=Vector3(4909.76, 1432.06, 0), B=Vector3(0, 0, 0), psi=0, divB=0, turb=[], mu_t=0, k_t=0, S=0), tau_wall_x=nan, tau_wall_y=nan, tau_wall_z=nan, q=nan, F=[0, 0, 0, 0], grad=7F24065DE630, cloud_pos=[], cloud_fs=[])
    iface[2]= FVInterface(id=9313, idir=none, universe_blk_id=0, pos=Vector3(-0.0825928, -0.0382714, 0), vtx_ids=[141,9465,], left_cell_id=18532, right_cell_id=18533, gvel=Vector3(0, 0, 0), Ybar=-0.0382714, length=0.0108465, area=[0.0108465], n=Vector3(-0.988991, -0.147974, 0), t1=Vector3(-0.147974, 0.988991, 0), t2=Vector3(0, 0, 1), fs=FlowState(gas=GasState(rho=1.85849e-14, p=2.89119e-09, T=327.931, u=235375, p_e=100000, a=340.378, T_modes=[], u_modes=[], mu=1.53161e-05, k=0.021122, k_modes=[], massf=[1], quality=1, sigma=0), vel=Vector3(3552.58, 1554.02, 0), B=Vector3(0, 0, 0), psi=0, divB=0, turb=[], mu_t=0, k_t=0, S=0), tau_wall_x=nan, tau_wall_y=nan, tau_wall_z=nan, q=nan, F=[-6.05363e-15, -3.25882e-11, -2.15239e-11, -1.26475e-07], grad=7F2406614210, cloud_pos=[], cloud_fs=[])
Exception thrown in phase 13 of stage 1 of explicit update: Bad cell with negative mass.
FVCell.decode_conserved(): Density invalid in conserved quantities.
  universe-blk-id= 0 cell-id= 18533
  x= -0.0826769 y= -0.0401366 z= 0
  gas= GasState(rho=1.42164e-25, p=4.65429e-21, T=114.031, u=81847, p_e=100000, a=214.089, T_modes=[], u_modes=[], mu=1.53161e-05, k=0.021122, k_modes=[], massf=[1], quality=1, sigma=0)
  ftl= 1 (flow-time-level)
  U[ftl]= [-1.32265e-26, -7.18887e-23, -4.7123e-23, -2.80363e-19]
  U[0]= [1.42164e-25, 7.63425e-22, 5.05208e-22, 2.95912e-18]
  interfaces:3
    iface[0]= FVInterface(id=27996, idir=none, universe_blk_id=0, pos=Vector3(-0.0831201, -0.0383874, 0), vtx_ids=[141,142,], left_cell_id=18533, right_cell_id=1000000062, gvel=Vector3(0, 0, 0), Ybar=-0.0383874, length=0.0109728, area=[0.0109728], n=Vector3(-0.998741, -0.0501682, 0), t1=Vector3(-0.0501682, 0.998741, 0), t2=Vector3(0, 0, 1), fs=FlowState(gas=GasState(rho=1.42164e-25, p=4.65429e-21, T=114.031, u=81847, p_e=100000, a=214.089, T_modes=[], u_modes=[], mu=1.53161e-05, k=0.021122, k_modes=[], massf=[1], quality=1, sigma=0), vel=Vector3(-164.542, 3275.68, 0), B=Vector3(0, 0, 0), psi=0, divB=0, turb=[], mu_t=0, k_t=0, S=0), tau_wall_x=nan, tau_wall_y=nan, tau_wall_z=nan, q=nan, F=[0, 0, 0, 0], grad=7F24051A9630, cloud_pos=[], cloud_fs=[])
    iface[1]= FVInterface(id=9135, idir=none, universe_blk_id=0, pos=Vector3(-0.0823176, -0.0437509, 0), vtx_ids=[142,9465,], left_cell_id=18533, right_cell_id=18534, gvel=Vector3(0, 0, 0), Ybar=-0.0437509, length=0.0010797, area=[0.0010797], n=Vector3(0.214706, -0.976679, 0), t1=Vector3(-0.976679, -0.214706, 0), t2=Vector3(0, 0, 1), fs=FlowState(gas=GasState(rho=6.94476e-19, p=8.69766e-14, T=275.127, u=197474, p_e=100000, a=316.411, T_modes=[], u_modes=[], mu=1.53161e-05, k=0.021122, k_modes=[], massf=[1], quality=1, sigma=0), vel=Vector3(4905.91, 1431.53, 0), B=Vector3(0, 0, 0), psi=0, divB=0, turb=[], mu_t=0, k_t=0, S=0), tau_wall_x=nan, tau_wall_y=nan, tau_wall_z=nan, q=nan, F=[0, 0, 0, 0], grad=7F24065DE630, cloud_pos=[], cloud_fs=[])
    iface[2]= FVInterface(id=9313, idir=none, universe_blk_id=0, pos=Vector3(-0.0825928, -0.0382714, 0), vtx_ids=[141,9465,], left_cell_id=18532, right_cell_id=18533, gvel=Vector3(0, 0, 0), Ybar=-0.0382714, length=0.0108465, area=[0.0108465], n=Vector3(-0.988991, -0.147974, 0), t1=Vector3(-0.147974, 0.988991, 0), t2=Vector3(0, 0, 1), fs=FlowState(gas=GasState(rho=1.85849e-14, p=2.89119e-09, T=327.94, u=235382, p_e=100000, a=340.386, T_modes=[], u_modes=[], mu=1.53161e-05, k=0.021122, k_modes=[], massf=[1], quality=1, sigma=0), vel=Vector3(3548.73, 1553.49, 0), B=Vector3(0, 0, 0), psi=0, divB=0, turb=[], mu_t=0, k_t=0, S=0), tau_wall_x=nan, tau_wall_y=nan, tau_wall_z=nan, q=nan, F=[-6.04557e-15, -3.24984e-11, -2.14888e-11, -1.26034e-07], grad=7F2406614210, cloud_pos=[], cloud_fs=[])
Exception thrown in phase 13 of stage 1 of explicit update: Bad cell with negative mass.
FVCell.decode_conserved(): Density invalid in conserved quantities.
  universe-blk-id= 0 cell-id= 18533
  x= -0.0826769 y= -0.0401366 z= 0
  gas= GasState(rho=1.79501e-26, p=5.87999e-22, T=114.097, u=81893.8, p_e=100000, a=214.151, T_modes=[], u_modes=[], mu=1.53161e-05, k=0.021122, k_modes=[], massf=[1], quality=1, sigma=0)
  ftl= 1 (flow-time-level)
  U[ftl]= [-1.30917e-26, -7.03865e-23, -4.65356e-23, -2.72992e-19]
  U[0]= [1.79501e-26, 9.62706e-23, 6.3772e-23, 3.72914e-19]
  interfaces:3
    iface[0]= FVInterface(id=27996, idir=none, universe_blk_id=0, pos=Vector3(-0.0831201, -0.0383874, 0), vtx_ids=[141,142,], left_cell_id=18533, right_cell_id=1000000062, gvel=Vector3(0, 0, 0), Ybar=-0.0383874, length=0.0109728, area=[0.0109728], n=Vector3(-0.998741, -0.0501682, 0), t1=Vector3(-0.0501682, 0.998741, 0), t2=Vector3(0, 0, 1), fs=FlowState(gas=GasState(rho=1.79501e-26, p=5.87999e-22, T=114.097, u=81893.8, p_e=100000, a=214.151, T_modes=[], u_modes=[], mu=1.53161e-05, k=0.021122, k_modes=[], massf=[1], quality=1, sigma=0), vel=Vector3(-164.512, 3275.08, 0), B=Vector3(0, 0, 0), psi=0, divB=0, turb=[], mu_t=0, k_t=0, S=0), tau_wall_x=nan, tau_wall_y=nan, tau_wall_z=nan, q=nan, F=[0, 0, 0, 0], grad=7F24051A9630, cloud_pos=[], cloud_fs=[])
    iface[1]= FVInterface(id=9135, idir=none, universe_blk_id=0, pos=Vector3(-0.0823176, -0.0437509, 0), vtx_ids=[142,9465,], left_cell_id=18533, right_cell_id=18534, gvel=Vector3(0, 0, 0), Ybar=-0.0437509, length=0.0010797, area=[0.0010797], n=Vector3(0.214706, -0.976679, 0), t1=Vector3(-0.976679, -0.214706, 0), t2=Vector3(0, 0, 1), fs=FlowState(gas=GasState(rho=6.94475e-19, p=8.69766e-14, T=275.159, u=197498, p_e=100000, a=316.442, T_modes=[], u_modes=[], mu=1.53161e-05, k=0.021122, k_modes=[], massf=[1], quality=1, sigma=0), vel=Vector3(4902.53, 1431.05, 0), B=Vector3(0, 0, 0), psi=0, divB=0, turb=[], mu_t=0, k_t=0, S=0), tau_wall_x=nan, tau_wall_y=nan, tau_wall_z=nan, q=nan, F=[0, 0, 0, 0], grad=7F24065DE630, cloud_pos=[], cloud_fs=[])
    iface[2]= FVInterface(id=9313, idir=none, universe_blk_id=0, pos=Vector3(-0.0825928, -0.0382714, 0), vtx_ids=[141,9465,], left_cell_id=18532, right_cell_id=18533, gvel=Vector3(0, 0, 0), Ybar=-0.0382714, length=0.0108465, area=[0.0108465], n=Vector3(-0.988991, -0.147974, 0), t1=Vector3(-0.147974, 0.988991, 0), t2=Vector3(0, 0, 1), fs=FlowState(gas=GasState(rho=1.85849e-14, p=2.89119e-09, T=327.973, u=235405, p_e=100000, a=340.417, T_modes=[], u_modes=[], mu=1.53161e-05, k=0.021122, k_modes=[], massf=[1], quality=1, sigma=0), vel=Vector3(3545.34, 1553.01, 0), B=Vector3(0, 0, 0), psi=0, divB=0, turb=[], mu_t=0, k_t=0, S=0), tau_wall_x=nan, tau_wall_y=nan, tau_wall_z=nan, q=nan, F=[-6.03849e-15, -3.24195e-11, -2.14579e-11, -1.25647e-07], grad=7F2406614210, cloud_pos=[], cloud_fs=[])
Exception thrown in phase 13 of stage 1 of explicit update: Bad cell with negative mass.
Step=    100 t= 4.487e-06 dt= 5.538e-16 cfl=0.00 WC=8.7 WCtFT=156223554078.2 WCtMS=252.0
FVCell.decode_conserved(): Density invalid in conserved quantities.
  universe-blk-id= 0 cell-id= 18533
  x= -0.0826769 y= -0.0401366 z= 0
  gas= GasState(rho=5.54061e-27, p=1.8153e-22, T=114.118, u=81908.9, p_e=100000, a=214.17, T_modes=[], u_modes=[], mu=1.53161e-05, k=0.021122, k_modes=[], massf=[1], quality=1, sigma=0)
  ftl= 1 (flow-time-level)
  U[ftl]= [-3.76402e-27, -2.02207e-23, -1.33772e-23, -7.83929e-20]
  U[0]= [5.54061e-27, 2.96885e-23, 1.96806e-23, 1.14948e-19]
  interfaces:3
    iface[0]= FVInterface(id=27996, idir=none, universe_blk_id=0, pos=Vector3(-0.0831201, -0.0383874, 0), vtx_ids=[141,142,], left_cell_id=18533, right_cell_id=1000000062, gvel=Vector3(0, 0, 0), Ybar=-0.0383874, length=0.0109728, area=[0.0109728], n=Vector3(-0.998741, -0.0501682, 0), t1=Vector3(-0.0501682, 0.998741, 0), t2=Vector3(0, 0, 1), fs=FlowState(gas=GasState(rho=5.54061e-27, p=1.8153e-22, T=114.118, u=81908.9, p_e=100000, a=214.17, T_modes=[], u_modes=[], mu=1.53161e-05, k=0.021122, k_modes=[], massf=[1], quality=1, sigma=0), vel=Vector3(-164.49, 3274.65, 0), B=Vector3(0, 0, 0), psi=0, divB=0, turb=[], mu_t=0, k_t=0, S=0), tau_wall_x=nan, tau_wall_y=nan, tau_wall_z=nan, q=nan, F=[0, 0, 0, 0], grad=7F24051A9630, cloud_pos=[], cloud_fs=[])
    iface[1]= FVInterface(id=9135, idir=none, universe_blk_id=0, pos=Vector3(-0.0823176, -0.0437509, 0), vtx_ids=[142,9465,], left_cell_id=18533, right_cell_id=18534, gvel=Vector3(0, 0, 0), Ybar=-0.0437509, length=0.0010797, area=[0.0010797], n=Vector3(0.214706, -0.976679, 0), t1=Vector3(-0.976679, -0.214706, 0), t2=Vector3(0, 0, 1), fs=FlowState(gas=GasState(rho=6.94475e-19, p=8.69766e-14, T=275.17, u=197505, p_e=100000, a=316.452, T_modes=[], u_modes=[], mu=1.53161e-05, k=0.021122, k_modes=[], massf=[1], quality=1, sigma=0), vel=Vector3(4900.08, 1430.71, 0), B=Vector3(0, 0, 0), psi=0, divB=0, turb=[], mu_t=0, k_t=0, S=0), tau_wall_x=nan, tau_wall_y=nan, tau_wall_z=nan, q=nan, F=[0, 0, 0, 0], grad=7F24065DE630, cloud_pos=[], cloud_fs=[])
    iface[2]= FVInterface(id=9313, idir=none, universe_blk_id=0, pos=Vector3(-0.0825928, -0.0382714, 0), vtx_ids=[141,9465,], left_cell_id=18532, right_cell_id=18533, gvel=Vector3(0, 0, 0), Ybar=-0.0382714, length=0.0108465, area=[0.0108465], n=Vector3(-0.988991, -0.147974, 0), t1=Vector3(-0.147974, 0.988991, 0), t2=Vector3(0, 0, 1), fs=FlowState(gas=GasState(rho=1.85849e-14, p=2.89119e-09, T=327.983, u=235413, p_e=100000, a=340.427, T_modes=[], u_modes=[], mu=1.53161e-05, k=0.021122, k_modes=[], massf=[1], quality=1, sigma=0), vel=Vector3(3542.89, 1552.67, 0), B=Vector3(0, 0, 0), psi=0, divB=0, turb=[], mu_t=0, k_t=0, S=0), tau_wall_x=nan, tau_wall_y=nan, tau_wall_z=nan, q=nan, F=[-6.03336e-15, -3.23624e-11, -2.14356e-11, -1.25367e-07], grad=7F2406614210, cloud_pos=[], cloud_fs=[])
Exception thrown in phase 13 of stage 1 of explicit update: Bad cell with negative mass.
FVCell.decode_conserved(): Density invalid in conserved quantities.
  universe-blk-id= 0 cell-id= 18533
  x= -0.0826769 y= -0.0401366 z= 0
  gas= GasState(rho=1.82081e-27, p=5.96645e-23, T=114.134, u=81920.4, p_e=100000, a=214.185, T_modes=[], u_modes=[], mu=1.53161e-05, k=0.021122, k_modes=[], massf=[1], quality=1, sigma=0)
  ftl= 1 (flow-time-level)
  U[ftl]= [-3.85429e-29, -2.16692e-25, -1.38323e-25, -8.59083e-22]
  U[0]= [1.82081e-27, 9.74762e-24, 6.46638e-24, 3.77232e-20]
  interfaces:3
    iface[0]= FVInterface(id=27996, idir=none, universe_blk_id=0, pos=Vector3(-0.0831201, -0.0383874, 0), vtx_ids=[141,142,], left_cell_id=18533, right_cell_id=1000000062, gvel=Vector3(0, 0, 0), Ybar=-0.0383874, length=0.0109728, area=[0.0109728], n=Vector3(-0.998741, -0.0501682, 0), t1=Vector3(-0.0501682, 0.998741, 0), t2=Vector3(0, 0, 1), fs=FlowState(gas=GasState(rho=1.82081e-27, p=5.96645e-23, T=114.134, u=81920.4, p_e=100000, a=214.185, T_modes=[], u_modes=[], mu=1.53161e-05, k=0.021122, k_modes=[], massf=[1], quality=1, sigma=0), vel=Vector3(-164.468, 3274.21, 0), B=Vector3(0, 0, 0), psi=0, divB=0, turb=[], mu_t=0, k_t=0, S=0), tau_wall_x=nan, tau_wall_y=nan, tau_wall_z=nan, q=nan, F=[0, 0, 0, 0], grad=7F24051A9630, cloud_pos=[], cloud_fs=[])
    iface[1]= FVInterface(id=9135, idir=none, universe_blk_id=0, pos=Vector3(-0.0823176, -0.0437509, 0), vtx_ids=[142,9465,], left_cell_id=18533, right_cell_id=18534, gvel=Vector3(0, 0, 0), Ybar=-0.0437509, length=0.0010797, area=[0.0010797], n=Vector3(0.214706, -0.976679, 0), t1=Vector3(-0.976679, -0.214706, 0), t2=Vector3(0, 0, 1), fs=FlowState(gas=GasState(rho=6.94475e-19, p=8.69766e-14, T=275.178, u=197511, p_e=100000, a=316.459, T_modes=[], u_modes=[], mu=1.53161e-05, k=0.021122, k_modes=[], massf=[1], quality=1, sigma=0), vel=Vector3(4897.63, 1430.37, 0), B=Vector3(0, 0, 0), psi=0, divB=0, turb=[], mu_t=0, k_t=0, S=0), tau_wall_x=nan, tau_wall_y=nan, tau_wall_z=nan, q=nan, F=[0, 0, 0, 0], grad=7F24065DE630, cloud_pos=[], cloud_fs=[])
    iface[2]= FVInterface(id=9313, idir=none, universe_blk_id=0, pos=Vector3(-0.0825928, -0.0382714, 0), vtx_ids=[141,9465,], left_cell_id=18532, right_cell_id=18533, gvel=Vector3(0, 0, 0), Ybar=-0.0382714, length=0.0108465, area=[0.0108465], n=Vector3(-0.988991, -0.147974, 0), t1=Vector3(-0.147974, 0.988991, 0), t2=Vector3(0, 0, 1), fs=FlowState(gas=GasState(rho=1.85849e-14, p=2.89119e-09, T=327.991, u=235419, p_e=100000, a=340.434, T_modes=[], u_modes=[], mu=1.53161e-05, k=0.021122, k_modes=[], massf=[1], quality=1, sigma=0), vel=Vector3(3540.45, 1552.33, 0), B=Vector3(0, 0, 0), psi=0, divB=0, turb=[], mu_t=0, k_t=0, S=0), tau_wall_x=nan, tau_wall_y=nan, tau_wall_z=nan, q=nan, F=[-6.02826e-15, -3.23056e-11, -2.14133e-11, -1.25089e-07], grad=7F2406614210, cloud_pos=[], cloud_fs=[])
Exception thrown in phase 13 of stage 1 of explicit update: Bad cell with negative mass.
FVCell.decode_conserved(): Density invalid in conserved quantities.
  universe-blk-id= 0 cell-id= 18533
  x= -0.0826769 y= -0.0401366 z= 0
  gas= GasState(rho=3.34315e-28, p=1.09568e-23, T=114.153, u=81934.5, p_e=100000, a=214.204, T_modes=[], u_modes=[], mu=1.53161e-05, k=0.021122, k_modes=[], massf=[1], quality=1, sigma=0)
  ftl= 1 (flow-time-level)
  U[ftl]= [-3.70545e-29, -2.00154e-25, -1.31843e-25, -7.78109e-22]
  U[0]= [3.34315e-28, 1.78715e-24, 1.18692e-24, 6.91116e-21]
  interfaces:3
    iface[0]= FVInterface(id=27996, idir=none, universe_blk_id=0, pos=Vector3(-0.0831201, -0.0383874, 0), vtx_ids=[141,142,], left_cell_id=18533, right_cell_id=1000000062, gvel=Vector3(0, 0, 0), Ybar=-0.0383874, length=0.0109728, area=[0.0109728], n=Vector3(-0.998741, -0.0501682, 0), t1=Vector3(-0.0501682, 0.998741, 0), t2=Vector3(0, 0, 1), fs=FlowState(gas=GasState(rho=3.34315e-28, p=1.09568e-23, T=114.153, u=81934.5, p_e=100000, a=214.204, T_modes=[], u_modes=[], mu=1.53161e-05, k=0.021122, k_modes=[], massf=[1], quality=1, sigma=0), vel=Vector3(-164.434, 3273.52, 0), B=Vector3(0, 0, 0), psi=0, divB=0, turb=[], mu_t=0, k_t=0, S=0), tau_wall_x=nan, tau_wall_y=nan, tau_wall_z=nan, q=nan, F=[0, 0, 0, 0], grad=7F24051A9630, cloud_pos=[], cloud_fs=[])
    iface[1]= FVInterface(id=9135, idir=none, universe_blk_id=0, pos=Vector3(-0.0823176, -0.0437509, 0), vtx_ids=[142,9465,], left_cell_id=18533, right_cell_id=18534, gvel=Vector3(0, 0, 0), Ybar=-0.0437509, length=0.0010797, area=[0.0010797], n=Vector3(0.214706, -0.976679, 0), t1=Vector3(-0.976679, -0.214706, 0), t2=Vector3(0, 0, 1), fs=FlowState(gas=GasState(rho=6.94475e-19, p=8.69766e-14, T=275.188, u=197518, p_e=100000, a=316.468, T_modes=[], u_modes=[], mu=1.53161e-05, k=0.021122, k_modes=[], massf=[1], quality=1, sigma=0), vel=Vector3(4893.76, 1429.83, 0), B=Vector3(0, 0, 0), psi=0, divB=0, turb=[], mu_t=0, k_t=0, S=0), tau_wall_x=nan, tau_wall_y=nan, tau_wall_z=nan, q=nan, F=[0, 0, 0, 0], grad=7F24065DE630, cloud_pos=[], cloud_fs=[])
    iface[2]= FVInterface(id=9313, idir=none, universe_blk_id=0, pos=Vector3(-0.0825928, -0.0382714, 0), vtx_ids=[141,9465,], left_cell_id=18532, right_cell_id=18533, gvel=Vector3(0, 0, 0), Ybar=-0.0382714, length=0.0108465, area=[0.0108465], n=Vector3(-0.988991, -0.147974, 0), t1=Vector3(-0.147974, 0.988991, 0), t2=Vector3(0, 0, 1), fs=FlowState(gas=GasState(rho=1.85849e-14, p=2.89119e-09, T=328.001, u=235426, p_e=100000, a=340.444, T_modes=[], u_modes=[], mu=1.53161e-05, k=0.021122, k_modes=[], massf=[1], quality=1, sigma=0), vel=Vector3(3536.58, 1551.79, 0), B=Vector3(0, 0, 0), psi=0, divB=0, turb=[], mu_t=0, k_t=0, S=0), tau_wall_x=nan, tau_wall_y=nan, tau_wall_z=nan, q=nan, F=[-6.02015e-15, -3.22156e-11, -2.13781e-11, -1.24648e-07], grad=7F2406614210, cloud_pos=[], cloud_fs=[])
Exception thrown in phase 13 of stage 1 of explicit update: Bad cell with negative mass.
FVCell.decode_conserved(): Density invalid in conserved quantities.
  universe-blk-id= 0 cell-id= 18533
  x= -0.0826769 y= -0.0401366 z= 0
  gas= GasState(rho=3.74704e-29, p=1.22901e-24, T=114.243, u=81998.7, p_e=100000, a=214.288, T_modes=[], u_modes=[], mu=1.53161e-05, k=0.021122, k_modes=[], massf=[1], quality=1, sigma=0)
  ftl= 1 (flow-time-level)
  U[ftl]= [-7.38297e-29, -3.94871e-25, -2.62145e-25, -1.52741e-21]
  U[0]= [3.74704e-29, 2.00091e-25, 1.33001e-25, 7.73358e-22]
  interfaces:3
    iface[0]= FVInterface(id=27996, idir=none, universe_blk_id=0, pos=Vector3(-0.0831201, -0.0383874, 0), vtx_ids=[141,142,], left_cell_id=18533, right_cell_id=1000000062, gvel=Vector3(0, 0, 0), Ybar=-0.0383874, length=0.0109728, area=[0.0109728], n=Vector3(-0.998741, -0.0501682, 0), t1=Vector3(-0.0501682, 0.998741, 0), t2=Vector3(0, 0, 1), fs=FlowState(gas=GasState(rho=3.74704e-29, p=1.22901e-24, T=114.243, u=81998.7, p_e=100000, a=214.288, T_modes=[], u_modes=[], mu=1.53161e-05, k=0.021122, k_modes=[], massf=[1], quality=1, sigma=0), vel=Vector3(-164.408, 3273.01, 0), B=Vector3(0, 0, 0), psi=0, divB=0, turb=[], mu_t=0, k_t=0, S=0), tau_wall_x=nan, tau_wall_y=nan, tau_wall_z=nan, q=nan, F=[0, 0, 0, 0], grad=7F24051A9630, cloud_pos=[], cloud_fs=[])
    iface[1]= FVInterface(id=9135, idir=none, universe_blk_id=0, pos=Vector3(-0.0823176, -0.0437509, 0), vtx_ids=[142,9465,], left_cell_id=18533, right_cell_id=18534, gvel=Vector3(0, 0, 0), Ybar=-0.0437509, length=0.0010797, area=[0.0010797], n=Vector3(0.214706, -0.976679, 0), t1=Vector3(-0.976679, -0.214706, 0), t2=Vector3(0, 0, 1), fs=FlowState(gas=GasState(rho=6.94475e-19, p=8.69766e-14, T=275.232, u=197550, p_e=100000, a=316.51, T_modes=[], u_modes=[], mu=1.53161e-05, k=0.021122, k_modes=[], massf=[1], quality=1, sigma=0), vel=Vector3(4890.89, 1429.43, 0), B=Vector3(0, 0, 0), psi=0, divB=0, turb=[], mu_t=0, k_t=0, S=0), tau_wall_x=nan, tau_wall_y=nan, tau_wall_z=nan, q=nan, F=[0, 0, 0, 0], grad=7F24065DE630, cloud_pos=[], cloud_fs=[])
    iface[2]= FVInterface(id=9313, idir=none, universe_blk_id=0, pos=Vector3(-0.0825928, -0.0382714, 0), vtx_ids=[141,9465,], left_cell_id=18532, right_cell_id=18533, gvel=Vector3(0, 0, 0), Ybar=-0.0382714, length=0.0108465, area=[0.0108465], n=Vector3(-0.988991, -0.147974, 0), t1=Vector3(-0.147974, 0.988991, 0), t2=Vector3(0, 0, 1), fs=FlowState(gas=GasState(rho=1.85849e-14, p=2.89119e-09, T=328.046, u=235458, p_e=100000, a=340.486, T_modes=[], u_modes=[], mu=1.53161e-05, k=0.021122, k_modes=[], massf=[1], quality=1, sigma=0), vel=Vector3(3533.71, 1551.39, 0), B=Vector3(0, 0, 0), psi=0, divB=0, turb=[], mu_t=0, k_t=0, S=0), tau_wall_x=nan, tau_wall_y=nan, tau_wall_z=nan, q=nan, F=[-6.01416e-15, -3.21491e-11, -2.1352e-11, -1.24323e-07], grad=7F2406614210, cloud_pos=[], cloud_fs=[])
Exception thrown in phase 13 of stage 1 of explicit update: Bad cell with negative mass.
FVCell.decode_conserved(): Density invalid in conserved quantities.
  universe-blk-id= 0 cell-id= 18533
  x= -0.0826769 y= -0.0401366 z= 0
  gas= GasState(rho=1.52262e-29, p=4.99596e-25, T=114.285, u=82029, p_e=100000, a=214.327, T_modes=[], u_modes=[], mu=1.53161e-05, k=0.021122, k_modes=[], massf=[1], quality=1, sigma=0)
  ftl= 1 (flow-time-level)
  U[ftl]= [-7.0253e-30, -3.76239e-26, -2.49515e-26, -1.45632e-22]
  U[0]= [1.52262e-29, 8.12741e-26, 5.40408e-26, 3.14062e-22]
  interfaces:3
    iface[0]= FVInterface(id=27996, idir=none, universe_blk_id=0, pos=Vector3(-0.0831201, -0.0383874, 0), vtx_ids=[141,142,], left_cell_id=18533, right_cell_id=1000000062, gvel=Vector3(0, 0, 0), Ybar=-0.0383874, length=0.0109728, area=[0.0109728], n=Vector3(-0.998741, -0.0501682, 0), t1=Vector3(-0.0501682, 0.998741, 0), t2=Vector3(0, 0, 1), fs=FlowState(gas=GasState(rho=1.52262e-29, p=4.99596e-25, T=114.285, u=82029, p_e=100000, a=214.327, T_modes=[], u_modes=[], mu=1.53161e-05, k=0.021122, k_modes=[], massf=[1], quality=1, sigma=0), vel=Vector3(-164.398, 3272.82, 0), B=Vector3(0, 0, 0), psi=0, divB=0, turb=[], mu_t=0, k_t=0, S=0), tau_wall_x=nan, tau_wall_y=nan, tau_wall_z=nan, q=nan, F=[0, 0, 0, 0], grad=7F24051A9630, cloud_pos=[], cloud_fs=[])
    iface[1]= FVInterface(id=9135, idir=none, universe_blk_id=0, pos=Vector3(-0.0823176, -0.0437509, 0), vtx_ids=[142,9465,], left_cell_id=18533, right_cell_id=18534, gvel=Vector3(0, 0, 0), Ybar=-0.0437509, length=0.0010797, area=[0.0010797], n=Vector3(0.214706, -0.976679, 0), t1=Vector3(-0.976679, -0.214706, 0), t2=Vector3(0, 0, 1), fs=FlowState(gas=GasState(rho=6.94475e-19, p=8.69766e-14, T=275.253, u=197565, p_e=100000, a=316.53, T_modes=[], u_modes=[], mu=1.53161e-05, k=0.021122, k_modes=[], massf=[1], quality=1, sigma=0), vel=Vector3(4889.79, 1429.28, 0), B=Vector3(0, 0, 0), psi=0, divB=0, turb=[], mu_t=0, k_t=0, S=0), tau_wall_x=nan, tau_wall_y=nan, tau_wall_z=nan, q=nan, F=[0, 0, 0, 0], grad=7F24065DE630, cloud_pos=[], cloud_fs=[])
    iface[2]= FVInterface(id=9313, idir=none, universe_blk_id=0, pos=Vector3(-0.0825928, -0.0382714, 0), vtx_ids=[141,9465,], left_cell_id=18532, right_cell_id=18533, gvel=Vector3(0, 0, 0), Ybar=-0.0382714, length=0.0108465, area=[0.0108465], n=Vector3(-0.988991, -0.147974, 0), t1=Vector3(-0.147974, 0.988991, 0), t2=Vector3(0, 0, 1), fs=FlowState(gas=GasState(rho=1.85849e-14, p=2.89119e-09, T=328.067, u=235473, p_e=100000, a=340.505, T_modes=[], u_modes=[], mu=1.53161e-05, k=0.021122, k_modes=[], massf=[1], quality=1, sigma=0), vel=Vector3(3532.61, 1551.24, 0), B=Vector3(0, 0, 0), psi=0, divB=0, turb=[], mu_t=0, k_t=0, S=0), tau_wall_x=nan, tau_wall_y=nan, tau_wall_z=nan, q=nan, F=[-6.01186e-15, -3.21236e-11, -2.1342e-11, -1.24199e-07], grad=7F2406614210, cloud_pos=[], cloud_fs=[])
Exception thrown in phase 13 of stage 1 of explicit update: Bad cell with negative mass.
FVCell.decode_conserved(): Density invalid in conserved quantities.
  universe-blk-id= 0 cell-id= 18533
  x= -0.0826769 y= -0.0401366 z= 0
  gas= GasState(rho=1.88764e-30, p=6.20047e-26, T=114.411, u=82119.3, p_e=100000, a=214.445, T_modes=[], u_modes=[], mu=1.53161e-05, k=0.021122, k_modes=[], massf=[1], quality=1, sigma=0)
  ftl= 1 (flow-time-level)
  U[ftl]= [-2.56109e-30, -1.36903e-26, -9.09258e-27, -5.29413e-23]
  U[0]= [1.88764e-30, 1.0072e-26, 6.69909e-27, 3.89131e-23]
  interfaces:3
    iface[0]= FVInterface(id=27996, idir=none, universe_blk_id=0, pos=Vector3(-0.0831201, -0.0383874, 0), vtx_ids=[141,142,], left_cell_id=18533, right_cell_id=1000000062, gvel=Vector3(0, 0, 0), Ybar=-0.0383874, length=0.0109728, area=[0.0109728], n=Vector3(-0.998741, -0.0501682, 0), t1=Vector3(-0.0501682, 0.998741, 0), t2=Vector3(0, 0, 1), fs=FlowState(gas=GasState(rho=1.88764e-30, p=6.20047e-26, T=114.411, u=82119.3, p_e=100000, a=214.445, T_modes=[], u_modes=[], mu=1.53161e-05, k=0.021122, k_modes=[], massf=[1], quality=1, sigma=0), vel=Vector3(-164.389, 3272.64, 0), B=Vector3(0, 0, 0), psi=0, divB=0, turb=[], mu_t=0, k_t=0, S=0), tau_wall_x=nan, tau_wall_y=nan, tau_wall_z=nan, q=nan, F=[0, 0, 0, 0], grad=7F24051A9630, cloud_pos=[], cloud_fs=[])
    iface[1]= FVInterface(id=9135, idir=none, universe_blk_id=0, pos=Vector3(-0.0823176, -0.0437509, 0), vtx_ids=[142,9465,], left_cell_id=18533, right_cell_id=18534, gvel=Vector3(0, 0, 0), Ybar=-0.0437509, length=0.0010797, area=[0.0010797], n=Vector3(0.214706, -0.976679, 0), t1=Vector3(-0.976679, -0.214706, 0), t2=Vector3(0, 0, 1), fs=FlowState(gas=GasState(rho=6.94475e-19, p=8.69766e-14, T=275.316, u=197611, p_e=100000, a=316.589, T_modes=[], u_modes=[], mu=1.53161e-05, k=0.021122, k_modes=[], massf=[1], quality=1, sigma=0), vel=Vector3(4888.78, 1429.14, 0), B=Vector3(0, 0, 0), psi=0, divB=0, turb=[], mu_t=0, k_t=0, S=0), tau_wall_x=nan, tau_wall_y=nan, tau_wall_z=nan, q=nan, F=[0, 0, 0, 0], grad=7F24065DE630, cloud_pos=[], cloud_fs=[])
    iface[2]= FVInterface(id=9313, idir=none, universe_blk_id=0, pos=Vector3(-0.0825928, -0.0382714, 0), vtx_ids=[141,9465,], left_cell_id=18532, right_cell_id=18533, gvel=Vector3(0, 0, 0), Ybar=-0.0382714, length=0.0108465, area=[0.0108465], n=Vector3(-0.988991, -0.147974, 0), t1=Vector3(-0.147974, 0.988991, 0), t2=Vector3(0, 0, 1), fs=FlowState(gas=GasState(rho=1.85849e-14, p=2.89119e-09, T=328.13, u=235518, p_e=100000, a=340.564, T_modes=[], u_modes=[], mu=1.53161e-05, k=0.021122, k_modes=[], massf=[1], quality=1, sigma=0), vel=Vector3(3531.6, 1551.1, 0), B=Vector3(0, 0, 0), psi=0, divB=0, turb=[], mu_t=0, k_t=0, S=0), tau_wall_x=nan, tau_wall_y=nan, tau_wall_z=nan, q=nan, F=[-6.00974e-15, -3.21002e-11, -2.13328e-11, -1.24085e-07], grad=7F2406614210, cloud_pos=[], cloud_fs=[])
Exception thrown in phase 13 of stage 1 of explicit update: Bad cell with negative mass.
FVCell.decode_conserved(): Density invalid in conserved quantities.
  universe-blk-id= 0 cell-id= 18533
  x= -0.0826769 y= -0.0401366 z= 0
  gas= GasState(rho=1.12503e-31, p=3.32528e-27, T=102.95, u=73892.9, p_e=100000, a=203.421, T_modes=[], u_modes=[], mu=1.53161e-05, k=0.021122, k_modes=[], massf=[1], quality=1, sigma=0)
  ftl= 1 (flow-time-level)
  U[ftl]= [-7.97761e-31, -4.36687e-27, -2.84654e-27, -1.70893e-23]
  U[0]= [1.12503e-31, 6.15201e-28, 4.01344e-28, 2.40623e-24]
  interfaces:3
    iface[0]= FVInterface(id=27996, idir=none, universe_blk_id=0, pos=Vector3(-0.0831201, -0.0383874, 0), vtx_ids=[141,142,], left_cell_id=18533, right_cell_id=1000000062, gvel=Vector3(0, 0, 0), Ybar=-0.0383874, length=0.0109728, area=[0.0109728], n=Vector3(-0.998741, -0.0501682, 0), t1=Vector3(-0.0501682, 0.998741, 0), t2=Vector3(0, 0, 1), fs=FlowState(gas=GasState(rho=1.12503e-31, p=3.32528e-27, T=102.95, u=73892.9, p_e=100000, a=203.421, T_modes=[], u_modes=[], mu=1.53161e-05, k=0.021122, k_modes=[], massf=[1], quality=1, sigma=0), vel=Vector3(-164.981, 3284.42, 0), B=Vector3(0, 0, 0), psi=0, divB=0, turb=[], mu_t=0, k_t=0, S=0), tau_wall_x=nan, tau_wall_y=nan, tau_wall_z=nan, q=nan, F=[0, 0, 0, 0], grad=7F24051A9630, cloud_pos=[], cloud_fs=[])
    iface[1]= FVInterface(id=9135, idir=none, universe_blk_id=0, pos=Vector3(-0.0823176, -0.0437509, 0), vtx_ids=[142,9465,], left_cell_id=18533, right_cell_id=18534, gvel=Vector3(0, 0, 0), Ybar=-0.0437509, length=0.0010797, area=[0.0010797], n=Vector3(0.214706, -0.976679, 0), t1=Vector3(-0.976679, -0.214706, 0), t2=Vector3(0, 0, 1), fs=FlowState(gas=GasState(rho=6.94475e-19, p=8.69766e-14, T=269.586, u=193497, p_e=100000, a=311.077, T_modes=[], u_modes=[], mu=1.53161e-05, k=0.021122, k_modes=[], massf=[1], quality=1, sigma=0), vel=Vector3(4955.05, 1438.38, 0), B=Vector3(0, 0, 0), psi=0, divB=0, turb=[], mu_t=0, k_t=0, S=0), tau_wall_x=nan, tau_wall_y=nan, tau_wall_z=nan, q=nan, F=[0, 0, 0, 0], grad=7F24065DE630, cloud_pos=[], cloud_fs=[])
    iface[2]= FVInterface(id=9313, idir=none, universe_blk_id=0, pos=Vector3(-0.0825928, -0.0382714, 0), vtx_ids=[141,9465,], left_cell_id=18532, right_cell_id=18533, gvel=Vector3(0, 0, 0), Ybar=-0.0382714, length=0.0108465, area=[0.0108465], n=Vector3(-0.988991, -0.147974, 0), t1=Vector3(-0.147974, 0.988991, 0), t2=Vector3(0, 0, 1), fs=FlowState(gas=GasState(rho=1.85849e-14, p=2.89119e-09, T=322.399, u=231405, p_e=100000, a=335.052, T_modes=[], u_modes=[], mu=1.53161e-05, k=0.021122, k_modes=[], massf=[1], quality=1, sigma=0), vel=Vector3(3597.86, 1560.34, 0), B=Vector3(0, 0, 0), psi=0, divB=0, turb=[], mu_t=0, k_t=0, S=0), tau_wall_x=nan, tau_wall_y=nan, tau_wall_z=nan, q=nan, F=[-6.14833e-15, -3.36511e-11, -2.19377e-11, -1.31681e-07], grad=7F2406614210, cloud_pos=[], cloud_fs=[])
Exception thrown in phase 13 of stage 1 of explicit update: Bad cell with negative mass.
FVCell.decode_conserved(): Density invalid in conserved quantities.
  universe-blk-id= 0 cell-id= 18533
  x= -0.0826769 y= -0.0401366 z= 0
  gas= GasState(rho=1.12503e-31, p=3.32528e-27, T=102.95, u=73892.9, p_e=100000, a=203.421, T_modes=[], u_modes=[], mu=1.53161e-05, k=0.021122, k_modes=[], massf=[1], quality=1, sigma=0)
  ftl= 1 (flow-time-level)
  U[ftl]= [-6.95495e-32, -3.81213e-28, -2.48234e-28, -1.49287e-24]
  U[0]= [1.12503e-31, 6.15201e-28, 4.01344e-28, 2.40623e-24]
  interfaces:3
    iface[0]= FVInterface(id=27996, idir=none, universe_blk_id=0, pos=Vector3(-0.0831201, -0.0383874, 0), vtx_ids=[141,142,], left_cell_id=18533, right_cell_id=1000000062, gvel=Vector3(0, 0, 0), Ybar=-0.0383874, length=0.0109728, area=[0.0109728], n=Vector3(-0.998741, -0.0501682, 0), t1=Vector3(-0.0501682, 0.998741, 0), t2=Vector3(0, 0, 1), fs=FlowState(gas=GasState(rho=1.12503e-31, p=3.32528e-27, T=102.95, u=73892.9, p_e=100000, a=203.421, T_modes=[], u_modes=[], mu=1.53161e-05, k=0.021122, k_modes=[], massf=[1], quality=1, sigma=0), vel=Vector3(-164.981, 3284.42, 0), B=Vector3(0, 0, 0), psi=0, divB=0, turb=[], mu_t=0, k_t=0, S=0), tau_wall_x=nan, tau_wall_y=nan, tau_wall_z=nan, q=nan, F=[0, 0, 0, 0], grad=7F24051A9630, cloud_pos=[], cloud_fs=[])
    iface[1]= FVInterface(id=9135, idir=none, universe_blk_id=0, pos=Vector3(-0.0823176, -0.0437509, 0), vtx_ids=[142,9465,], left_cell_id=18533, right_cell_id=18534, gvel=Vector3(0, 0, 0), Ybar=-0.0437509, length=0.0010797, area=[0.0010797], n=Vector3(0.214706, -0.976679, 0), t1=Vector3(-0.976679, -0.214706, 0), t2=Vector3(0, 0, 1), fs=FlowState(gas=GasState(rho=6.94475e-19, p=8.69766e-14, T=269.586, u=193497, p_e=100000, a=311.077, T_modes=[], u_modes=[], mu=1.53161e-05, k=0.021122, k_modes=[], massf=[1], quality=1, sigma=0), vel=Vector3(4955.05, 1438.38, 0), B=Vector3(0, 0, 0), psi=0, divB=0, turb=[], mu_t=0, k_t=0, S=0), tau_wall_x=nan, tau_wall_y=nan, tau_wall_z=nan, q=nan, F=[0, 0, 0, 0], grad=7F24065DE630, cloud_pos=[], cloud_fs=[])
    iface[2]= FVInterface(id=9313, idir=none, universe_blk_id=0, pos=Vector3(-0.0825928, -0.0382714, 0), vtx_ids=[141,9465,], left_cell_id=18532, right_cell_id=18533, gvel=Vector3(0, 0, 0), Ybar=-0.0382714, length=0.0108465, area=[0.0108465], n=Vector3(-0.988991, -0.147974, 0), t1=Vector3(-0.147974, 0.988991, 0), t2=Vector3(0, 0, 1), fs=FlowState(gas=GasState(rho=1.85849e-14, p=2.89119e-09, T=322.399, u=231405, p_e=100000, a=335.052, T_modes=[], u_modes=[], mu=1.53161e-05, k=0.021122, k_modes=[], massf=[1], quality=1, sigma=0), vel=Vector3(3597.86, 1560.34, 0), B=Vector3(0, 0, 0), psi=0, divB=0, turb=[], mu_t=0, k_t=0, S=0), tau_wall_x=nan, tau_wall_y=nan, tau_wall_z=nan, q=nan, F=[-6.14833e-15, -3.36511e-11, -2.19377e-11, -1.31681e-07], grad=7F2406614210, cloud_pos=[], cloud_fs=[])
Exception thrown in phase 13 of stage 1 of explicit update: Bad cell with negative mass.
FVCell.decode_conserved(): Density invalid in conserved quantities.
  universe-blk-id= 0 cell-id= 18533
  x= -0.0826769 y= -0.0401366 z= 0
  gas= GasState(rho=3.49702e-33, p=6.88411e-29, T=68.5664, u=49214.1, p_e=100000, a=166.012, T_modes=[], u_modes=[], mu=1.53161e-05, k=0.021122, k_modes=[], massf=[1], quality=1, sigma=0)
  ftl= 1 (flow-time-level)
  U[ftl]= [-3.42915e-32, -1.95267e-28, -1.23398e-28, -7.79668e-25]
  U[0]= [3.49702e-33, 1.9901e-29, 1.25824e-29, 7.94349e-26]
  interfaces:3
    iface[0]= FVInterface(id=27996, idir=none, universe_blk_id=0, pos=Vector3(-0.0831201, -0.0383874, 0), vtx_ids=[141,142,], left_cell_id=18533, right_cell_id=1000000062, gvel=Vector3(0, 0, 0), Ybar=-0.0383874, length=0.0109728, area=[0.0109728], n=Vector3(-0.998741, -0.0501682, 0), t1=Vector3(-0.0501682, 0.998741, 0), t2=Vector3(0, 0, 1), fs=FlowState(gas=GasState(rho=3.49702e-33, p=6.88411e-29, T=68.5664, u=49214.1, p_e=100000, a=166.012, T_modes=[], u_modes=[], mu=1.53161e-05, k=0.021122, k_modes=[], massf=[1], quality=1, sigma=0), vel=Vector3(-165.957, 3303.85, 0), B=Vector3(0, 0, 0), psi=0, divB=0, turb=[], mu_t=0, k_t=0, S=0), tau_wall_x=nan, tau_wall_y=nan, tau_wall_z=nan, q=nan, F=[0, 0, 0, 0], grad=7F24051A9630, cloud_pos=[], cloud_fs=[])
    iface[1]= FVInterface(id=9135, idir=none, universe_blk_id=0, pos=Vector3(-0.0823176, -0.0437509, 0), vtx_ids=[142,9465,], left_cell_id=18533, right_cell_id=18534, gvel=Vector3(0, 0, 0), Ybar=-0.0437509, length=0.0010797, area=[0.0010797], n=Vector3(0.214706, -0.976679, 0), t1=Vector3(-0.976679, -0.214706, 0), t2=Vector3(0, 0, 1), fs=FlowState(gas=GasState(rho=6.94475e-19, p=8.69766e-14, T=252.394, u=181158, p_e=100000, a=292.372, T_modes=[], u_modes=[], mu=1.53161e-05, k=0.021122, k_modes=[], massf=[1], quality=1, sigma=0), vel=Vector3(5066.32, 1453.7, 0), B=Vector3(0, 0, 0), psi=0, divB=0, turb=[], mu_t=0, k_t=0, S=0), tau_wall_x=nan, tau_wall_y=nan, tau_wall_z=nan, q=nan, F=[0, 0, 0, 0], grad=7F24065DE630, cloud_pos=[], cloud_fs=[])
    iface[2]= FVInterface(id=9313, idir=none, universe_blk_id=0, pos=Vector3(-0.0825928, -0.0382714, 0), vtx_ids=[141,9465,], left_cell_id=18532, right_cell_id=18533, gvel=Vector3(0, 0, 0), Ybar=-0.0382714, length=0.0108465, area=[0.0108465], n=Vector3(-0.988991, -0.147974, 0), t1=Vector3(-0.147974, 0.988991, 0), t2=Vector3(0, 0, 1), fs=FlowState(gas=GasState(rho=1.85849e-14, p=2.89119e-09, T=305.208, u=219065, p_e=100000, a=316.348, T_modes=[], u_modes=[], mu=1.53161e-05, k=0.021122, k_modes=[], massf=[1], quality=1, sigma=0), vel=Vector3(3709.14, 1575.66, 0), B=Vector3(0, 0, 0), psi=0, divB=0, turb=[], mu_t=0, k_t=0, S=0), tau_wall_x=nan, tau_wall_y=nan, tau_wall_z=nan, q=nan, F=[-6.38101e-15, -3.63335e-11, -2.29618e-11, -1.45069e-07], grad=7F2406614210, cloud_pos=[], cloud_fs=[])
Exception thrown in phase 13 of stage 1 of explicit update: Bad cell with negative mass.
FVCell.decode_conserved(): Density invalid in conserved quantities.
  universe-blk-id= 0 cell-id= 18533
  x= -0.0826769 y= -0.0401366 z= 0
  gas= GasState(rho=3.49702e-33, p=6.88411e-29, T=68.5664, u=49214.1, p_e=100000, a=166.012, T_modes=[], u_modes=[], mu=1.53161e-05, k=0.021122, k_modes=[], massf=[1], quality=1, sigma=0)
  ftl= 1 (flow-time-level)
  U[ftl]= [-4.06068e-33, -2.31326e-29, -1.46136e-29, -9.23856e-26]
  U[0]= [3.49702e-33, 1.9901e-29, 1.25824e-29, 7.94349e-26]
  interfaces:3
    iface[0]= FVInterface(id=27996, idir=none, universe_blk_id=0, pos=Vector3(-0.0831201, -0.0383874, 0), vtx_ids=[141,142,], left_cell_id=18533, right_cell_id=1000000062, gvel=Vector3(0, 0, 0), Ybar=-0.0383874, length=0.0109728, area=[0.0109728], n=Vector3(-0.998741, -0.0501682, 0), t1=Vector3(-0.0501682, 0.998741, 0), t2=Vector3(0, 0, 1), fs=FlowState(gas=GasState(rho=3.49702e-33, p=6.88411e-29, T=68.5664, u=49214.1, p_e=100000, a=166.012, T_modes=[], u_modes=[], mu=1.53161e-05, k=0.021122, k_modes=[], massf=[1], quality=1, sigma=0), vel=Vector3(-165.957, 3303.85, 0), B=Vector3(0, 0, 0), psi=0, divB=0, turb=[], mu_t=0, k_t=0, S=0), tau_wall_x=nan, tau_wall_y=nan, tau_wall_z=nan, q=nan, F=[0, 0, 0, 0], grad=7F24051A9630, cloud_pos=[], cloud_fs=[])
    iface[1]= FVInterface(id=9135, idir=none, universe_blk_id=0, pos=Vector3(-0.0823176, -0.0437509, 0), vtx_ids=[142,9465,], left_cell_id=18533, right_cell_id=18534, gvel=Vector3(0, 0, 0), Ybar=-0.0437509, length=0.0010797, area=[0.0010797], n=Vector3(0.214706, -0.976679, 0), t1=Vector3(-0.976679, -0.214706, 0), t2=Vector3(0, 0, 1), fs=FlowState(gas=GasState(rho=6.94475e-19, p=8.69766e-14, T=252.394, u=181158, p_e=100000, a=292.372, T_modes=[], u_modes=[], mu=1.53161e-05, k=0.021122, k_modes=[], massf=[1], quality=1, sigma=0), vel=Vector3(5066.32, 1453.7, 0), B=Vector3(0, 0, 0), psi=0, divB=0, turb=[], mu_t=0, k_t=0, S=0), tau_wall_x=nan, tau_wall_y=nan, tau_wall_z=nan, q=nan, F=[0, 0, 0, 0], grad=7F24065DE630, cloud_pos=[], cloud_fs=[])
    iface[2]= FVInterface(id=9313, idir=none, universe_blk_id=0, pos=Vector3(-0.0825928, -0.0382714, 0), vtx_ids=[141,9465,], left_cell_id=18532, right_cell_id=18533, gvel=Vector3(0, 0, 0), Ybar=-0.0382714, length=0.0108465, area=[0.0108465], n=Vector3(-0.988991, -0.147974, 0), t1=Vector3(-0.147974, 0.988991, 0), t2=Vector3(0, 0, 1), fs=FlowState(gas=GasState(rho=1.85849e-14, p=2.89119e-09, T=305.208, u=219065, p_e=100000, a=316.348, T_modes=[], u_modes=[], mu=1.53161e-05, k=0.021122, k_modes=[], massf=[1], quality=1, sigma=0), vel=Vector3(3709.14, 1575.66, 0), B=Vector3(0, 0, 0), psi=0, divB=0, turb=[], mu_t=0, k_t=0, S=0), tau_wall_x=nan, tau_wall_y=nan, tau_wall_z=nan, q=nan, F=[-6.38101e-15, -3.63335e-11, -2.29618e-11, -1.45069e-07], grad=7F2406614210, cloud_pos=[], cloud_fs=[])
Exception thrown in phase 13 of stage 1 of explicit update: Bad cell with negative mass.
Step=    120 t= 4.487e-06 dt= 1.276e-22 cfl=0.00 WC=10.8 WCtFT=699315945963240064.0 WCtMS=258.1
FVCell.decode_conserved(): Density invalid in conserved quantities.
  universe-blk-id= 0 cell-id= 18533
  x= -0.0826769 y= -0.0401366 z= 0
  gas= GasState(rho=1.98578e-33, p=3.90917e-29, T=68.5671, u=49214.6, p_e=100000, a=166.013, T_modes=[], u_modes=[], mu=1.53161e-05, k=0.021122, k_modes=[], massf=[1], quality=1, sigma=0)
  ftl= 1 (flow-time-level)
  U[ftl]= [-2.80981e-34, -1.60576e-30, -1.01186e-30, -6.42403e-27]
  U[0]= [1.98578e-33, 1.12978e-29, 7.14454e-30, 4.50888e-26]
  interfaces:3
    iface[0]= FVInterface(id=27996, idir=none, universe_blk_id=0, pos=Vector3(-0.0831201, -0.0383874, 0), vtx_ids=[141,142,], left_cell_id=18533, right_cell_id=1000000062, gvel=Vector3(0, 0, 0), Ybar=-0.0383874, length=0.0109728, area=[0.0109728], n=Vector3(-0.998741, -0.0501682, 0), t1=Vector3(-0.0501682, 0.998741, 0), t2=Vector3(0, 0, 1), fs=FlowState(gas=GasState(rho=1.98578e-33, p=3.90917e-29, T=68.5671, u=49214.6, p_e=100000, a=166.013, T_modes=[], u_modes=[], mu=1.53161e-05, k=0.021122, k_modes=[], massf=[1], quality=1, sigma=0), vel=Vector3(-165.951, 3303.73, 0), B=Vector3(0, 0, 0), psi=0, divB=0, turb=[], mu_t=0, k_t=0, S=0), tau_wall_x=nan, tau_wall_y=nan, tau_wall_z=nan, q=nan, F=[0, 0, 0, 0], grad=7F24051A9630, cloud_pos=[], cloud_fs=[])
    iface[1]= FVInterface(id=9135, idir=none, universe_blk_id=0, pos=Vector3(-0.0823176, -0.0437509, 0), vtx_ids=[142,9465,], left_cell_id=18533, right_cell_id=18534, gvel=Vector3(0, 0, 0), Ybar=-0.0437509, length=0.0010797, area=[0.0010797], n=Vector3(0.214706, -0.976679, 0), t1=Vector3(-0.976679, -0.214706, 0), t2=Vector3(0, 0, 1), fs=FlowState(gas=GasState(rho=6.94475e-19, p=8.69766e-14, T=252.395, u=181158, p_e=100000, a=292.373, T_modes=[], u_modes=[], mu=1.53161e-05, k=0.021122, k_modes=[], massf=[1], quality=1, sigma=0), vel=Vector3(5065.58, 1453.61, 0), B=Vector3(0, 0, 0), psi=0, divB=0, turb=[], mu_t=0, k_t=0, S=0), tau_wall_x=nan, tau_wall_y=nan, tau_wall_z=nan, q=nan, F=[0, 0, 0, 0], grad=7F24065DE630, cloud_pos=[], cloud_fs=[])
    iface[2]= FVInterface(id=9313, idir=none, universe_blk_id=0, pos=Vector3(-0.0825928, -0.0382714, 0), vtx_ids=[141,9465,], left_cell_id=18532, right_cell_id=18533, gvel=Vector3(0, 0, 0), Ybar=-0.0382714, length=0.0108465, area=[0.0108465], n=Vector3(-0.988991, -0.147974, 0), t1=Vector3(-0.147974, 0.988991, 0), t2=Vector3(0, 0, 1), fs=FlowState(gas=GasState(rho=1.85849e-14, p=2.89119e-09, T=305.208, u=219066, p_e=100000, a=316.348, T_modes=[], u_modes=[], mu=1.53161e-05, k=0.021122, k_modes=[], massf=[1], quality=1, sigma=0), vel=Vector3(3708.4, 1575.57, 0), B=Vector3(0, 0, 0), psi=0, divB=0, turb=[], mu_t=0, k_t=0, S=0), tau_wall_x=nan, tau_wall_y=nan, tau_wall_z=nan, q=nan, F=[-6.37946e-15, -3.63151e-11, -2.2955e-11, -1.44975e-07], grad=7F2406614210, cloud_pos=[], cloud_fs=[])
Exception thrown in phase 13 of stage 1 of explicit update: Bad cell with negative mass.
FVCell.decode_conserved(): Density invalid in conserved quantities.
  universe-blk-id= 0 cell-id= 18533
  x= -0.0826769 y= -0.0401366 z= 0
  gas= GasState(rho=1.73289e-34, p=3.41362e-30, T=68.6128, u=49247.4, p_e=100000, a=166.068, T_modes=[], u_modes=[], mu=1.53161e-05, k=0.021122, k_modes=[], massf=[1], quality=1, sigma=0)
  ftl= 1 (flow-time-level)
  U[ftl]= [-2.80006e-34, -1.59428e-30, -1.00758e-30, -6.36532e-27]
  U[0]= [1.73289e-34, 9.85772e-31, 6.23452e-31, 3.93387e-27]
  interfaces:3
    iface[0]= FVInterface(id=27996, idir=none, universe_blk_id=0, pos=Vector3(-0.0831201, -0.0383874, 0), vtx_ids=[141,142,], left_cell_id=18533, right_cell_id=1000000062, gvel=Vector3(0, 0, 0), Ybar=-0.0383874, length=0.0109728, area=[0.0109728], n=Vector3(-0.998741, -0.0501682, 0), t1=Vector3(-0.0501682, 0.998741, 0), t2=Vector3(0, 0, 1), fs=FlowState(gas=GasState(rho=1.73289e-34, p=3.41362e-30, T=68.6128, u=49247.4, p_e=100000, a=166.068, T_modes=[], u_modes=[], mu=1.53161e-05, k=0.021122, k_modes=[], massf=[1], quality=1, sigma=0), vel=Vector3(-165.948, 3303.67, 0), B=Vector3(0, 0, 0), psi=0, divB=0, turb=[], mu_t=0, k_t=0, S=0), tau_wall_x=nan, tau_wall_y=nan, tau_wall_z=nan, q=nan, F=[0, 0, 0, 0], grad=7F24051A9630, cloud_pos=[], cloud_fs=[])
    iface[1]= FVInterface(id=9135, idir=none, universe_blk_id=0, pos=Vector3(-0.0823176, -0.0437509, 0), vtx_ids=[142,9465,], left_cell_id=18533, right_cell_id=18534, gvel=Vector3(0, 0, 0), Ybar=-0.0437509, length=0.0010797, area=[0.0010797], n=Vector3(0.214706, -0.976679, 0), t1=Vector3(-0.976679, -0.214706, 0), t2=Vector3(0, 0, 1), fs=FlowState(gas=GasState(rho=6.94475e-19, p=8.69766e-14, T=252.417, u=181175, p_e=100000, a=292.4, T_modes=[], u_modes=[], mu=1.53161e-05, k=0.021122, k_modes=[], massf=[1], quality=1, sigma=0), vel=Vector3(5065.2, 1453.56, 0), B=Vector3(0, 0, 0), psi=0, divB=0, turb=[], mu_t=0, k_t=0, S=0), tau_wall_x=nan, tau_wall_y=nan, tau_wall_z=nan, q=nan, F=[0, 0, 0, 0], grad=7F24065DE630, cloud_pos=[], cloud_fs=[])
    iface[2]= FVInterface(id=9313, idir=none, universe_blk_id=0, pos=Vector3(-0.0825928, -0.0382714, 0), vtx_ids=[141,9465,], left_cell_id=18532, right_cell_id=18533, gvel=Vector3(0, 0, 0), Ybar=-0.0382714, length=0.0108465, area=[0.0108465], n=Vector3(-0.988991, -0.147974, 0), t1=Vector3(-0.147974, 0.988991, 0), t2=Vector3(0, 0, 1), fs=FlowState(gas=GasState(rho=1.85849e-14, p=2.89119e-09, T=305.231, u=219082, p_e=100000, a=316.376, T_modes=[], u_modes=[], mu=1.53161e-05, k=0.021122, k_modes=[], massf=[1], quality=1, sigma=0), vel=Vector3(3708.02, 1575.52, 0), B=Vector3(0, 0, 0), psi=0, divB=0, turb=[], mu_t=0, k_t=0, S=0), tau_wall_x=nan, tau_wall_y=nan, tau_wall_z=nan, q=nan, F=[-6.37867e-15, -3.63058e-11, -2.29515e-11, -1.44928e-07], grad=7F2406614210, cloud_pos=[], cloud_fs=[])
Exception thrown in phase 13 of stage 1 of explicit update: Bad cell with negative mass.
FVCell.decode_conserved(): Density invalid in conserved quantities.
  universe-blk-id= 0 cell-id= 18533
  x= -0.0826769 y= -0.0401366 z= 0
  gas= GasState(rho=8.26558e-35, p=1.62835e-30, T=68.6177, u=49250.9, p_e=100000, a=166.074, T_modes=[], u_modes=[], mu=1.53161e-05, k=0.021122, k_modes=[], massf=[1], quality=1, sigma=0)
  ftl= 1 (flow-time-level)
  U[ftl]= [-7.98006e-36, -4.56697e-32, -2.87461e-32, -1.82846e-28]
  U[0]= [8.26558e-35, 4.70066e-31, 2.97358e-31, 1.87559e-27]
  interfaces:3
    iface[0]= FVInterface(id=27996, idir=none, universe_blk_id=0, pos=Vector3(-0.0831201, -0.0383874, 0), vtx_ids=[141,142,], left_cell_id=18533, right_cell_id=1000000062, gvel=Vector3(0, 0, 0), Ybar=-0.0383874, length=0.0109728, area=[0.0109728], n=Vector3(-0.998741, -0.0501682, 0), t1=Vector3(-0.0501682, 0.998741, 0), t2=Vector3(0, 0, 1), fs=FlowState(gas=GasState(rho=8.26558e-35, p=1.62835e-30, T=68.6177, u=49250.9, p_e=100000, a=166.074, T_modes=[], u_modes=[], mu=1.53161e-05, k=0.021122, k_modes=[], massf=[1], quality=1, sigma=0), vel=Vector3(-165.942, 3303.55, 0), B=Vector3(0, 0, 0), psi=0, divB=0, turb=[], mu_t=0, k_t=0, S=0), tau_wall_x=nan, tau_wall_y=nan, tau_wall_z=nan, q=nan, F=[0, 0, 0, 0], grad=7F24051A9630, cloud_pos=[], cloud_fs=[])
    iface[1]= FVInterface(id=9135, idir=none, universe_blk_id=0, pos=Vector3(-0.0823176, -0.0437509, 0), vtx_ids=[142,9465,], left_cell_id=18533, right_cell_id=18534, gvel=Vector3(0, 0, 0), Ybar=-0.0437509, length=0.0010797, area=[0.0010797], n=Vector3(0.214706, -0.976679, 0), t1=Vector3(-0.976679, -0.214706, 0), t2=Vector3(0, 0, 1), fs=FlowState(gas=GasState(rho=6.94475e-19, p=8.69766e-14, T=252.42, u=181176, p_e=100000, a=292.403, T_modes=[], u_modes=[], mu=1.53161e-05, k=0.021122, k_modes=[], massf=[1], quality=1, sigma=0), vel=Vector3(5064.42, 1453.45, 0), B=Vector3(0, 0, 0), psi=0, divB=0, turb=[], mu_t=0, k_t=0, S=0), tau_wall_x=nan, tau_wall_y=nan, tau_wall_z=nan, q=nan, F=[0, 0, 0, 0], grad=7F24065DE630, cloud_pos=[], cloud_fs=[])
    iface[2]= FVInterface(id=9313, idir=none, universe_blk_id=0, pos=Vector3(-0.0825928, -0.0382714, 0), vtx_ids=[141,9465,], left_cell_id=18532, right_cell_id=18533, gvel=Vector3(0, 0, 0), Ybar=-0.0382714, length=0.0108465, area=[0.0108465], n=Vector3(-0.988991, -0.147974, 0), t1=Vector3(-0.147974, 0.988991, 0), t2=Vector3(0, 0, 1), fs=FlowState(gas=GasState(rho=1.85849e-14, p=2.89119e-09, T=305.233, u=219084, p_e=100000, a=316.379, T_modes=[], u_modes=[], mu=1.53161e-05, k=0.021122, k_modes=[], massf=[1], quality=1, sigma=0), vel=Vector3(3707.23, 1575.42, 0), B=Vector3(0, 0, 0), psi=0, divB=0, turb=[], mu_t=0, k_t=0, S=0), tau_wall_x=nan, tau_wall_y=nan, tau_wall_z=nan, q=nan, F=[-6.37703e-15, -3.62865e-11, -2.29443e-11, -1.44829e-07], grad=7F2406614210, cloud_pos=[], cloud_fs=[])
Exception thrown in phase 13 of stage 1 of explicit update: Bad cell with negative mass.
FVCell.decode_conserved(): Density invalid in conserved quantities.
  universe-blk-id= 0 cell-id= 18533
  x= -0.0826769 y= -0.0401366 z= 0
  gas= GasState(rho=1.01785e-35, p=2.00576e-31, T=68.6372, u=49264.9, p_e=100000, a=166.097, T_modes=[], u_modes=[], mu=1.53161e-05, k=0.021122, k_modes=[], massf=[1], quality=1, sigma=0)
  ftl= 1 (flow-time-level)
  U[ftl]= [-7.93757e-36, -4.51687e-32, -2.85594e-32, -1.80286e-28]
  U[0]= [1.01785e-35, 5.78469e-32, 3.66125e-32, 2.3073e-28]
  interfaces:3
    iface[0]= FVInterface(id=27996, idir=none, universe_blk_id=0, pos=Vector3(-0.0831201, -0.0383874, 0), vtx_ids=[141,142,], left_cell_id=18533, right_cell_id=1000000062, gvel=Vector3(0, 0, 0), Ybar=-0.0383874, length=0.0109728, area=[0.0109728], n=Vector3(-0.998741, -0.0501682, 0), t1=Vector3(-0.0501682, 0.998741, 0), t2=Vector3(0, 0, 1), fs=FlowState(gas=GasState(rho=1.01785e-35, p=2.00576e-31, T=68.6372, u=49264.9, p_e=100000, a=166.097, T_modes=[], u_modes=[], mu=1.53161e-05, k=0.021122, k_modes=[], massf=[1], quality=1, sigma=0), vel=Vector3(-165.927, 3303.25, 0), B=Vector3(0, 0, 0), psi=0, divB=0, turb=[], mu_t=0, k_t=0, S=0), tau_wall_x=nan, tau_wall_y=nan, tau_wall_z=nan, q=nan, F=[0, 0, 0, 0], grad=7F24051A9630, cloud_pos=[], cloud_fs=[])
    iface[1]= FVInterface(id=9135, idir=none, universe_blk_id=0, pos=Vector3(-0.0823176, -0.0437509, 0), vtx_ids=[142,9465,], left_cell_id=18533, right_cell_id=18534, gvel=Vector3(0, 0, 0), Ybar=-0.0437509, length=0.0010797, area=[0.0010797], n=Vector3(0.214706, -0.976679, 0), t1=Vector3(-0.976679, -0.214706, 0), t2=Vector3(0, 0, 1), fs=FlowState(gas=GasState(rho=6.94475e-19, p=8.69766e-14, T=252.43, u=181183, p_e=100000, a=292.415, T_modes=[], u_modes=[], mu=1.53161e-05, k=0.021122, k_modes=[], massf=[1], quality=1, sigma=0), vel=Vector3(5062.54, 1453.21, 0), B=Vector3(0, 0, 0), psi=0, divB=0, turb=[], mu_t=0, k_t=0, S=0), tau_wall_x=nan, tau_wall_y=nan, tau_wall_z=nan, q=nan, F=[0, 0, 0, 0], grad=7F24065DE630, cloud_pos=[], cloud_fs=[])
    iface[2]= FVInterface(id=9313, idir=none, universe_blk_id=0, pos=Vector3(-0.0825928, -0.0382714, 0), vtx_ids=[141,9465,], left_cell_id=18532, right_cell_id=18533, gvel=Vector3(0, 0, 0), Ybar=-0.0382714, length=0.0108465, area=[0.0108465], n=Vector3(-0.988991, -0.147974, 0), t1=Vector3(-0.147974, 0.988991, 0), t2=Vector3(0, 0, 1), fs=FlowState(gas=GasState(rho=1.85849e-14, p=2.89119e-09, T=305.243, u=219091, p_e=100000, a=316.39, T_modes=[], u_modes=[], mu=1.53161e-05, k=0.021122, k_modes=[], massf=[1], quality=1, sigma=0), vel=Vector3(3705.36, 1575.17, 0), B=Vector3(0, 0, 0), psi=0, divB=0, turb=[], mu_t=0, k_t=0, S=0), tau_wall_x=nan, tau_wall_y=nan, tau_wall_z=nan, q=nan, F=[-6.37311e-15, -3.62403e-11, -2.29271e-11, -1.44593e-07], grad=7F2406614210, cloud_pos=[], cloud_fs=[])
Exception thrown in phase 13 of stage 1 of explicit update: Bad cell with negative mass.
FVCell.decode_conserved(): Density invalid in conserved quantities.
  universe-blk-id= 0 cell-id= 18533
  x= -0.0826769 y= -0.0401366 z= 0
  gas= GasState(rho=1.12892e-36, p=2.22016e-32, T=68.4987, u=49165.5, p_e=100000, a=165.93, T_modes=[], u_modes=[], mu=1.53161e-05, k=0.021122, k_modes=[], massf=[1], quality=1, sigma=0)
  ftl= 1 (flow-time-level)
  U[ftl]= [-4.324e-36, -2.46795e-32, -1.55674e-32, -9.86658e-29]
  U[0]= [1.12892e-36, 6.43891e-33, 4.06379e-33, 2.57322e-29]
  interfaces:3
    iface[0]= FVInterface(id=27996, idir=none, universe_blk_id=0, pos=Vector3(-0.0831201, -0.0383874, 0), vtx_ids=[141,142,], left_cell_id=18533, right_cell_id=1000000062, gvel=Vector3(0, 0, 0), Ybar=-0.0383874, length=0.0109728, area=[0.0109728], n=Vector3(-0.998741, -0.0501682, 0), t1=Vector3(-0.0501682, 0.998741, 0), t2=Vector3(0, 0, 1), fs=FlowState(gas=GasState(rho=1.12892e-36, p=2.22016e-32, T=68.4987, u=49165.5, p_e=100000, a=165.93, T_modes=[], u_modes=[], mu=1.53161e-05, k=0.021122, k_modes=[], massf=[1], quality=1, sigma=0), vel=Vector3(-166.009, 3304.87, 0), B=Vector3(0, 0, 0), psi=0, divB=0, turb=[], mu_t=0, k_t=0, S=0), tau_wall_x=nan, tau_wall_y=nan, tau_wall_z=nan, q=nan, F=[0, 0, 0, 0], grad=7F24051A9630, cloud_pos=[], cloud_fs=[])
    iface[1]= FVInterface(id=9135, idir=none, universe_blk_id=0, pos=Vector3(-0.0823176, -0.0437509, 0), vtx_ids=[142,9465,], left_cell_id=18533, right_cell_id=18534, gvel=Vector3(0, 0, 0), Ybar=-0.0437509, length=0.0010797, area=[0.0010797], n=Vector3(0.214706, -0.976679, 0), t1=Vector3(-0.976679, -0.214706, 0), t2=Vector3(0, 0, 1), fs=FlowState(gas=GasState(rho=6.94475e-19, p=8.69766e-14, T=252.36, u=181134, p_e=100000, a=292.331, T_modes=[], u_modes=[], mu=1.53161e-05, k=0.021122, k_modes=[], massf=[1], quality=1, sigma=0), vel=Vector3(5072.71, 1454.53, 0), B=Vector3(0, 0, 0), psi=0, divB=0, turb=[], mu_t=0, k_t=0, S=0), tau_wall_x=nan, tau_wall_y=nan, tau_wall_z=nan, q=nan, F=[0, 0, 0, 0], grad=7F24065DE630, cloud_pos=[], cloud_fs=[])
    iface[2]= FVInterface(id=9313, idir=none, universe_blk_id=0, pos=Vector3(-0.0825928, -0.0382714, 0), vtx_ids=[141,9465,], left_cell_id=18532, right_cell_id=18533, gvel=Vector3(0, 0, 0), Ybar=-0.0382714, length=0.0108465, area=[0.0108465], n=Vector3(-0.988991, -0.147974, 0), t1=Vector3(-0.147974, 0.988991, 0), t2=Vector3(0, 0, 1), fs=FlowState(gas=GasState(rho=1.85849e-14, p=2.89119e-09, T=305.174, u=219041, p_e=100000, a=316.307, T_modes=[], u_modes=[], mu=1.53161e-05, k=0.021122, k_modes=[], massf=[1], quality=1, sigma=0), vel=Vector3(3715.52, 1576.5, 0), B=Vector3(0, 0, 0), psi=0, divB=0, turb=[], mu_t=0, k_t=0, S=0), tau_wall_x=nan, tau_wall_y=nan, tau_wall_z=nan, q=nan, F=[-6.39434e-15, -3.64909e-11, -2.30204e-11, -1.45875e-07], grad=7F2406614210, cloud_pos=[], cloud_fs=[])
Exception thrown in phase 13 of stage 1 of explicit update: Bad cell with negative mass.
FVCell.decode_conserved(): Density invalid in conserved quantities.
  universe-blk-id= 0 cell-id= 18533
  x= -0.0826769 y= -0.0401366 z= 0
  gas= GasState(rho=4.63192e-38, p=2.65968e-33, T=200, u=143552, p_e=100000, a=283.529, T_modes=[], u_modes=[], mu=1.53161e-05, k=0.021122, k_modes=[], massf=[1], quality=1, sigma=0)
  ftl= 1 (flow-time-level)
  U[ftl]= [-1.2168e-36, -8.12887e-33, -4.53509e-33, -3.57785e-29]
  U[0]= [4.63192e-38, 3.09054e-34, 1.7258e-34, 1.35921e-30]
  interfaces:3
    iface[0]= FVInterface(id=27996, idir=none, universe_blk_id=0, pos=Vector3(-0.0831201, -0.0383874, 0), vtx_ids=[141,142,], left_cell_id=18533, right_cell_id=1000000062, gvel=Vector3(0, 0, 0), Ybar=-0.0383874, length=0.0109728, area=[0.0109728], n=Vector3(-0.998741, -0.0501682, 0), t1=Vector3(-0.0501682, 0.998741, 0), t2=Vector3(0, 0, 1), fs=FlowState(gas=GasState(rho=4.63192e-38, p=2.65968e-33, T=200, u=143552, p_e=100000, a=283.529, T_modes=[], u_modes=[], mu=1.53161e-05, k=0.021122, k_modes=[], massf=[1], quality=1, sigma=0), vel=Vector3(-169.893, 3382.21, 0), B=Vector3(0, 0, 0), psi=0, divB=0, turb=[], mu_t=0, k_t=0, S=0), tau_wall_x=nan, tau_wall_y=nan, tau_wall_z=nan, q=nan, F=[0, 0, 0, 0], grad=7F24051A9630, cloud_pos=[], cloud_fs=[])
    iface[1]= FVInterface(id=9135, idir=none, universe_blk_id=0, pos=Vector3(-0.0823176, -0.0437509, 0), vtx_ids=[142,9465,], left_cell_id=18533, right_cell_id=18534, gvel=Vector3(0, 0, 0), Ybar=-0.0437509, length=0.0010797, area=[0.0010797], n=Vector3(0.214706, -0.976679, 0), t1=Vector3(-0.976679, -0.214706, 0), t2=Vector3(0, 0, 1), fs=FlowState(gas=GasState(rho=6.94475e-19, p=8.69766e-14, T=318.111, u=228327, p_e=100000, a=351.131, T_modes=[], u_modes=[], mu=1.53161e-05, k=0.021122, k_modes=[], massf=[1], quality=1, sigma=0), vel=Vector3(5557.04, 1517.63, 0), B=Vector3(0, 0, 0), psi=0, divB=0, turb=[], mu_t=0, k_t=0, S=0), tau_wall_x=nan, tau_wall_y=nan, tau_wall_z=nan, q=nan, F=[0, 0, 0, 0], grad=7F24065DE630, cloud_pos=[], cloud_fs=[])
    iface[2]= FVInterface(id=9313, idir=none, universe_blk_id=0, pos=Vector3(-0.0825928, -0.0382714, 0), vtx_ids=[141,9465,], left_cell_id=18532, right_cell_id=18533, gvel=Vector3(0, 0, 0), Ybar=-0.0382714, length=0.0108465, area=[0.0108465], n=Vector3(-0.988991, -0.147974, 0), t1=Vector3(-0.147974, 0.988991, 0), t2=Vector3(0, 0, 1), fs=FlowState(gas=GasState(rho=1.85849e-14, p=2.89119e-09, T=370.925, u=266234, p_e=100000, a=375.106, T_modes=[], u_modes=[], mu=1.53161e-05, k=0.021122, k_modes=[], massf=[1], quality=1, sigma=0), vel=Vector3(4199.86, 1639.59, 0), B=Vector3(0, 0, 0), psi=0, divB=0, turb=[], mu_t=0, k_t=0, S=0), tau_wall_x=nan, tau_wall_y=nan, tau_wall_z=nan, q=nan, F=[-7.40597e-15, -4.94735e-11, -2.76021e-11, -2.17747e-07], grad=7F2406614210, cloud_pos=[], cloud_fs=[])
Exception thrown in phase 13 of stage 1 of explicit update: Bad cell with negative mass.
FVCell.decode_conserved(): Density invalid in conserved quantities.
  universe-blk-id= 0 cell-id= 18533
  x= -0.0826769 y= -0.0401366 z= 0
  gas= GasState(rho=4.63192e-38, p=2.65968e-33, T=200, u=143552, p_e=100000, a=283.529, T_modes=[], u_modes=[], mu=1.53161e-05, k=0.021122, k_modes=[], massf=[1], quality=1, sigma=0)
  ftl= 1 (flow-time-level)
  U[ftl]= [-2.06305e-37, -1.37853e-33, -7.68953e-34, -6.06833e-30]
  U[0]= [4.63192e-38, 3.09054e-34, 1.7258e-34, 1.35921e-30]
  interfaces:3
    iface[0]= FVInterface(id=27996, idir=none, universe_blk_id=0, pos=Vector3(-0.0831201, -0.0383874, 0), vtx_ids=[141,142,], left_cell_id=18533, right_cell_id=1000000062, gvel=Vector3(0, 0, 0), Ybar=-0.0383874, length=0.0109728, area=[0.0109728], n=Vector3(-0.998741, -0.0501682, 0), t1=Vector3(-0.0501682, 0.998741, 0), t2=Vector3(0, 0, 1), fs=FlowState(gas=GasState(rho=4.63192e-38, p=2.65968e-33, T=200, u=143552, p_e=100000, a=283.529, T_modes=[], u_modes=[], mu=1.53161e-05, k=0.021122, k_modes=[], massf=[1], quality=1, sigma=0), vel=Vector3(-169.893, 3382.21, 0), B=Vector3(0, 0, 0), psi=0, divB=0, turb=[], mu_t=0, k_t=0, S=0), tau_wall_x=nan, tau_wall_y=nan, tau_wall_z=nan, q=nan, F=[0, 0, 0, 0], grad=7F24051A9630, cloud_pos=[], cloud_fs=[])
    iface[1]= FVInterface(id=9135, idir=none, universe_blk_id=0, pos=Vector3(-0.0823176, -0.0437509, 0), vtx_ids=[142,9465,], left_cell_id=18533, right_cell_id=18534, gvel=Vector3(0, 0, 0), Ybar=-0.0437509, length=0.0010797, area=[0.0010797], n=Vector3(0.214706, -0.976679, 0), t1=Vector3(-0.976679, -0.214706, 0), t2=Vector3(0, 0, 1), fs=FlowState(gas=GasState(rho=6.94475e-19, p=8.69766e-14, T=318.111, u=228327, p_e=100000, a=351.131, T_modes=[], u_modes=[], mu=1.53161e-05, k=0.021122, k_modes=[], massf=[1], quality=1, sigma=0), vel=Vector3(5557.04, 1517.63, 0), B=Vector3(0, 0, 0), psi=0, divB=0, turb=[], mu_t=0, k_t=0, S=0), tau_wall_x=nan, tau_wall_y=nan, tau_wall_z=nan, q=nan, F=[0, 0, 0, 0], grad=7F24065DE630, cloud_pos=[], cloud_fs=[])
    iface[2]= FVInterface(id=9313, idir=none, universe_blk_id=0, pos=Vector3(-0.0825928, -0.0382714, 0), vtx_ids=[141,9465,], left_cell_id=18532, right_cell_id=18533, gvel=Vector3(0, 0, 0), Ybar=-0.0382714, length=0.0108465, area=[0.0108465], n=Vector3(-0.988991, -0.147974, 0), t1=Vector3(-0.147974, 0.988991, 0), t2=Vector3(0, 0, 1), fs=FlowState(gas=GasState(rho=1.85849e-14, p=2.89119e-09, T=370.925, u=266234, p_e=100000, a=375.106, T_modes=[], u_modes=[], mu=1.53161e-05, k=0.021122, k_modes=[], massf=[1], quality=1, sigma=0), vel=Vector3(4199.86, 1639.59, 0), B=Vector3(0, 0, 0), psi=0, divB=0, turb=[], mu_t=0, k_t=0, S=0), tau_wall_x=nan, tau_wall_y=nan, tau_wall_z=nan, q=nan, F=[-7.40597e-15, -4.94735e-11, -2.76021e-11, -2.17747e-07], grad=7F2406614210, cloud_pos=[], cloud_fs=[])
Exception thrown in phase 13 of stage 1 of explicit update: Bad cell with negative mass.
FVCell.decode_conserved(): Density invalid in conserved quantities.
  universe-blk-id= 0 cell-id= 18533
  x= -0.0826769 y= -0.0401366 z= 0
  gas= GasState(rho=4.63192e-38, p=2.65968e-33, T=200, u=143552, p_e=100000, a=283.529, T_modes=[], u_modes=[], mu=1.53161e-05, k=0.021122, k_modes=[], massf=[1], quality=1, sigma=0)
  ftl= 1 (flow-time-level)
  U[ftl]= [-4.20566e-39, -2.84626e-35, -1.57263e-35, -1.263e-31]
  U[0]= [4.63192e-38, 3.09054e-34, 1.7258e-34, 1.35921e-30]
  interfaces:3
    iface[0]= FVInterface(id=27996, idir=none, universe_blk_id=0, pos=Vector3(-0.0831201, -0.0383874, 0), vtx_ids=[141,142,], left_cell_id=18533, right_cell_id=1000000062, gvel=Vector3(0, 0, 0), Ybar=-0.0383874, length=0.0109728, area=[0.0109728], n=Vector3(-0.998741, -0.0501682, 0), t1=Vector3(-0.0501682, 0.998741, 0), t2=Vector3(0, 0, 1), fs=FlowState(gas=GasState(rho=4.63192e-38, p=2.65968e-33, T=200, u=143552, p_e=100000, a=283.529, T_modes=[], u_modes=[], mu=1.53161e-05, k=0.021122, k_modes=[], massf=[1], quality=1, sigma=0), vel=Vector3(-169.893, 3382.21, 0), B=Vector3(0, 0, 0), psi=0, divB=0, turb=[], mu_t=0, k_t=0, S=0), tau_wall_x=nan, tau_wall_y=nan, tau_wall_z=nan, q=nan, F=[0, 0, 0, 0], grad=7F24051A9630, cloud_pos=[], cloud_fs=[])
    iface[1]= FVInterface(id=9135, idir=none, universe_blk_id=0, pos=Vector3(-0.0823176, -0.0437509, 0), vtx_ids=[142,9465,], left_cell_id=18533, right_cell_id=18534, gvel=Vector3(0, 0, 0), Ybar=-0.0437509, length=0.0010797, area=[0.0010797], n=Vector3(0.214706, -0.976679, 0), t1=Vector3(-0.976679, -0.214706, 0), t2=Vector3(0, 0, 1), fs=FlowState(gas=GasState(rho=6.94475e-19, p=8.69766e-14, T=318.111, u=228327, p_e=100000, a=351.131, T_modes=[], u_modes=[], mu=1.53161e-05, k=0.021122, k_modes=[], massf=[1], quality=1, sigma=0), vel=Vector3(5557.04, 1517.63, 0), B=Vector3(0, 0, 0), psi=0, divB=0, turb=[], mu_t=0, k_t=0, S=0), tau_wall_x=nan, tau_wall_y=nan, tau_wall_z=nan, q=nan, F=[0, 0, 0, 0], grad=7F24065DE630, cloud_pos=[], cloud_fs=[])
    iface[2]= FVInterface(id=9313, idir=none, universe_blk_id=0, pos=Vector3(-0.0825928, -0.0382714, 0), vtx_ids=[141,9465,], left_cell_id=18532, right_cell_id=18533, gvel=Vector3(0, 0, 0), Ybar=-0.0382714, length=0.0108465, area=[0.0108465], n=Vector3(-0.988991, -0.147974, 0), t1=Vector3(-0.147974, 0.988991, 0), t2=Vector3(0, 0, 1), fs=FlowState(gas=GasState(rho=1.85849e-14, p=2.89119e-09, T=370.925, u=266234, p_e=100000, a=375.106, T_modes=[], u_modes=[], mu=1.53161e-05, k=0.021122, k_modes=[], massf=[1], quality=1, sigma=0), vel=Vector3(4199.86, 1639.59, 0), B=Vector3(0, 0, 0), psi=0, divB=0, turb=[], mu_t=0, k_t=0, S=0), tau_wall_x=nan, tau_wall_y=nan, tau_wall_z=nan, q=nan, F=[-7.40597e-15, -4.94735e-11, -2.76021e-11, -2.17747e-07], grad=7F2406614210, cloud_pos=[], cloud_fs=[])
Exception thrown in phase 13 of stage 1 of explicit update: Bad cell with negative mass.
Exception caught while trying to take step 132.
----- Begin exception message -----
globalconfig.FlowSolverException@simcore_gasdynamic_step.d(1542): Explicit update failed after 3 attempts; giving up.
----------------
??:? [0x55d9f6f29ada]
??:? [0x55d9f6f417bc]
??:? [0x55d9f6f4904f]
??:? void rt.dmain2._d_run_main2(char[][], ulong, extern (C) int function(char[][])*).runAll() [0x7f243d99ea4b]
??:? _d_run_main2 [0x7f243d99e867]
??:? _d_run_main [0x7f243d99e6bd]
??:? [0x55d9f6f4bca4]
??:? [0x7f243d429d8f]
??:? __libc_start_main [0x7f243d429e3f]
??:? [0x55d9f68a8774]
----- End exception message -----
Integration stopped: An exception was caught during the time step.
Done integrate_in_time().
Note that integrate_in_time failed.
Finalize the simulation.
Write flow solution.
Step= 132 final-t= 4.48694e-06
Done.
